98.11.06 13:43 B d:\stickypro\channels\0.gif --> users.tibus.com /channels 0.gif
98.11.06 13:43 B d:\stickypro\channels\1.gif --> users.tibus.com /channels 1.gif
98.11.06 13:43 B d:\stickypro\channels\2.gif --> users.tibus.com /channels 2.gif
98.11.06 13:43 B d:\stickypro\channels\3.gif --> users.tibus.com /channels 3.gif
98.11.06 13:43 B d:\stickypro\channels\4.gif --> users.tibus.com /channels 4.gif
98.11.06 13:43 B d:\stickypro\channels\5.gif --> users.tibus.com /channels 5.gif
98.11.06 13:43 B d:\stickypro\channels\6.gif --> users.tibus.com /channels 6.gif
98.11.06 13:43 B d:\stickypro\channels\7.gif --> users.tibus.com /channels 7.gif
98.11.06 13:43 B d:\stickypro\channels\8.gif --> users.tibus.com /channels 8.gif
98.11.06 13:43 B d:\stickypro\channels\9.gif --> users.tibus.com /channels 9.gif
98.11.06 13:43 B d:\stickypro\channels\addmobilechannel.gif --> users.tibus.com /channels addmobilechannel.gif
98.11.06 13:43 B d:\stickypro\channels\bigtime.cdf --> users.tibus.com /channels bigtime.cdf
98.11.06 13:43 B d:\stickypro\channels\bigtime.gif --> users.tibus.com /channels bigtime.gif
98.11.06 13:43 B d:\stickypro\channels\bigtime.mcs --> users.tibus.com /channels bigtime.mcs
98.11.06 13:43 B d:\stickypro\channels\but1.gif --> users.tibus.com /channels but1.gif
98.11.06 13:43 B d:\stickypro\channels\but2.gif --> users.tibus.com /channels but2.gif
98.11.06 13:43 B d:\stickypro\channels\but3.gif --> users.tibus.com /channels but3.gif
98.11.06 13:43 B d:\stickypro\channels\but4.gif --> users.tibus.com /channels but4.gif
98.11.06 13:43 B d:\stickypro\channels\but5.gif --> users.tibus.com /channels but5.gif
98.11.06 13:43 B d:\stickypro\channels\but6.gif --> users.tibus.com /channels but6.gif
98.11.06 13:43 B d:\stickypro\channels\but7.gif --> users.tibus.com /channels but7.gif
98.11.06 13:43 B d:\stickypro\channels\but8.gif --> users.tibus.com /channels but8.gif
98.11.06 13:43 B d:\stickypro\channels\buttons.cdf --> users.tibus.com /channels buttons.cdf
98.11.06 13:43 B d:\stickypro\channels\buttons.htm --> users.tibus.com /channels buttons.htm
98.11.06 13:43 B d:\stickypro\channels\colon.gif --> users.tibus.com /channels colon.gif
98.11.06 13:43 B d:\stickypro\channels\Dummy.cdf --> users.tibus.com /channels Dummy.cdf
98.11.06 13:43 B d:\stickypro\channels\Entry.htm --> users.tibus.com /channels Entry.htm
98.11.06 13:43 B d:\stickypro\channels\panel.htm --> users.tibus.com /channels panel.htm
98.11.06 13:44 B d:\stickypro\channels\picture.BMP --> users.tibus.com /channels picture.BMP
98.11.06 13:44 B d:\stickypro\channels\time.cdf --> users.tibus.com /channels time.cdf
98.11.06 13:44 B d:\stickypro\channels\time.mcs --> users.tibus.com /channels time.mcs
98.11.06 14:18 B d:\stickypro\channels\bigtime.cdf --> users.tibus.com /channels bigtime.cdf
98.11.06 14:18 B d:\stickypro\channels\bigtime.gif --> users.tibus.com /channels bigtime.gif
98.11.06 14:18 B d:\stickypro\channels\bigtime.mcs --> users.tibus.com /channels bigtime.mcs
98.11.09 08:53 B d:\stickypro\channels\bigtime.cdf --> users.tibus.com /channels bigtime.cdf
98.11.09 08:53 B d:\stickypro\channels\bigtime.gif --> users.tibus.com /channels bigtime.gif
98.11.09 08:53 B d:\stickypro\channels\bigtime.mcs --> users.tibus.com /channels bigtime.mcs
98.11.09 08:53 B d:\stickypro\channels\Entry.htm --> users.tibus.com /channels Entry.htm
98.11.09 08:53 B d:\stickypro\channels\stickyswitch.cdf --> users.tibus.com /channels stickyswitch.cdf
98.11.09 08:53 B d:\stickypro\channels\stickyswitch.mcs --> users.tibus.com /channels stickyswitch.mcs
98.11.09 08:53 B d:\stickypro\channels\time.cdf --> users.tibus.com /channels time.cdf
98.11.09 08:53 B d:\stickypro\channels\time.mcs --> users.tibus.com /channels time.mcs
98.11.09 08:53 B d:\stickypro\channels\util.gif --> users.tibus.com /channels util.gif
98.11.09 08:53 B d:\stickypro\channels\wcelogo.gif --> users.tibus.com /channels wcelogo.gif
98.11.09 15:00 B d:\stickypro\channels\Entry.htm --> users.tibus.com /channels Entry.htm
98.11.28 18:02 B d:\stickypro\channels\0.gif --> www7-011.web.dircon.net /channels 0.gif
98.11.28 18:02 B d:\stickypro\channels\1.gif --> www7-011.web.dircon.net /channels 1.gif
98.11.28 18:02 B d:\stickypro\channels\2.gif --> www7-011.web.dircon.net /channels 2.gif
98.11.28 18:02 B d:\stickypro\channels\3.gif --> www7-011.web.dircon.net /channels 3.gif
98.11.28 18:02 B d:\stickypro\channels\4.gif --> www7-011.web.dircon.net /channels 4.gif
98.11.28 18:02 B d:\stickypro\channels\5.gif --> www7-011.web.dircon.net /channels 5.gif
98.11.28 18:02 B d:\stickypro\channels\6.gif --> www7-011.web.dircon.net /channels 6.gif
98.11.28 18:02 B d:\stickypro\channels\7.gif --> www7-011.web.dircon.net /channels 7.gif
98.11.28 18:02 B d:\stickypro\channels\8.gif --> www7-011.web.dircon.net /channels 8.gif
98.11.28 18:02 B d:\stickypro\channels\9.gif --> www7-011.web.dircon.net /channels 9.gif
98.11.28 18:02 B d:\stickypro\channels\addmobilechannel.gif --> www7-011.web.dircon.net /channels addmobilechannel.gif
98.11.28 18:02 B d:\stickypro\channels\am.gif --> www7-011.web.dircon.net /channels am.gif
98.11.28 18:02 B d:\stickypro\channels\bigtime.cdf --> www7-011.web.dircon.net /channels bigtime.cdf
98.11.28 18:02 B d:\stickypro\channels\bigtime.htm --> www7-011.web.dircon.net /channels bigtime.htm
98.11.28 18:02 B d:\stickypro\channels\bigtime.mcs --> www7-011.web.dircon.net /channels bigtime.mcs
98.11.28 18:02 B d:\stickypro\channels\BigTime1.gif --> www7-011.web.dircon.net /channels BigTime1.gif
98.11.28 18:02 B d:\stickypro\channels\BigTime2.gif --> www7-011.web.dircon.net /channels BigTime2.gif
98.11.28 18:03 B d:\stickypro\channels\BigTime3.gif --> www7-011.web.dircon.net /channels BigTime3.gif
98.11.28 18:03 B d:\stickypro\channels\colon.gif --> www7-011.web.dircon.net /channels colon.gif
98.11.28 18:03 B d:\stickypro\channels\pm.gif --> www7-011.web.dircon.net /channels pm.gif
98.11.28 18:21 B d:\stickypro\channels\bigtime.htm --> www7-011.web.dircon.net /channels bigtime.htm
98.11.30 11:22 B d:\stickypro\channels\bigtime.htm --> www7-011.web.dircon.net /channels bigtime.htm
98.11.30 11:22 B d:\stickypro\channels\bigtime.mcs --> www7-011.web.dircon.net /channels bigtime.mcs
98.12.01 09:42 B d:\stickypro\channels\bigtime.mcs --> www7-011.web.dircon.net /channels bigtime.mcs
98.12.01 10:34 B d:\stickypro\channels\bigtime.mcs --> www7-011.web.dircon.net /channels bigtime.mcs
98.12.01 14:18 B d:\stickypro\channels\bigtime.htm --> www7-011.web.dircon.net /channels bigtime.htm
98.12.01 19:09 B d:\stickypro\channels\bigtime.htm --> www7-011.web.dircon.net /channels bigtime.htm
98.12.02 09:49 B d:\stickypro\channels\bigtime.htm --> www7-011.web.dircon.net /channels bigtime.htm
98.12.02 09:50 B d:\stickypro\channels\time.cdf --> www7-011.web.dircon.net /channels time.cdf
98.12.02 09:50 B d:\stickypro\channels\time.mcs --> www7-011.web.dircon.net /channels time.mcs
98.12.03 08:54 B d:\stickypro\channels\bigtime.mcs --> www7-011.web.dircon.net /channels bigtime.mcs
98.12.03 08:54 B d:\stickypro\channels\bigtime.htm --> www7-011.web.dircon.net /channels bigtime.htm
98.12.03 08:54 B d:\stickypro\channels\bigtime.cdf --> www7-011.web.dircon.net /channels bigtime.cdf
98.12.03 15:31 B d:\stickypro\channels\bigtime.htm --> www7-011.web.dircon.net /channels bigtime.htm
98.12.03 15:31 B d:\stickypro\channels\bigtime24.cdf --> www7-011.web.dircon.net /channels bigtime24.cdf
98.12.03 15:31 B d:\stickypro\channels\bigtime24.mcs --> www7-011.web.dircon.net /channels bigtime24.mcs
98.12.03 15:36 B d:\stickypro\channels\bigtime24.cdf --> www7-011.web.dircon.net /channels bigtime24.cdf
98.12.04 15:46 B d:\stickypro\channels\bigtime.htm --> www7-011.web.dircon.net /channels bigtime.htm
98.12.04 15:47 B d:\stickypro\channels\BigTime4.gif --> www7-011.web.dircon.net /channels BigTime4.gif
98.12.04 15:51 B d:\stickypro\channels\BigTime1.gif --> www7-011.web.dircon.net /channels BigTime1.gif
98.12.04 16:04 B d:\stickypro\channels\BigTime1.gif --> www7-011.web.dircon.net /channels BigTime1.gif
98.12.04 16:04 B d:\stickypro\channels\BigTime4.gif --> www7-011.web.dircon.net /channels BigTime4.gif
98.12.04 16:04 B d:\stickypro\channels\chanfaq.htm --> www7-011.web.dircon.net /channels chanfaq.htm
98.12.04 16:04 B d:\stickypro\channels\stickbut1.gif --> www7-011.web.dircon.net /channels stickbut1.gif
98.12.04 16:04 B d:\stickypro\channels\stickybut.htm --> www7-011.web.dircon.net /channels stickybut.htm
98.12.07 09:50 B d:\stickypro\channels\bigtime.htm --> www7-011.web.dircon.net /channels bigtime.htm
98.12.07 09:50 B d:\stickypro\channels\bigtime.mcs --> www7-011.web.dircon.net /channels bigtime.mcs
98.12.07 09:50 B d:\stickypro\channels\chanfaq.htm --> www7-011.web.dircon.net /channels chanfaq.htm
98.12.07 09:50 B d:\stickypro\channels\stickbut1.gif --> www7-011.web.dircon.net /channels stickbut1.gif
98.12.07 09:50 B d:\stickypro\channels\stickybut.htm --> www7-011.web.dircon.net /channels stickybut.htm
98.12.09 12:42 B d:\stickypro\channels\but1.gif --> www7-011.web.dircon.net /channels but1.gif
98.12.09 12:42 B d:\stickypro\channels\but2.gif --> www7-011.web.dircon.net /channels but2.gif
98.12.09 12:42 B d:\stickypro\channels\but3.gif --> www7-011.web.dircon.net /channels but3.gif
98.12.09 12:42 B d:\stickypro\channels\but4.gif --> www7-011.web.dircon.net /channels but4.gif
98.12.09 12:42 B d:\stickypro\channels\but5.gif --> www7-011.web.dircon.net /channels but5.gif
98.12.09 12:42 B d:\stickypro\channels\but6.gif --> www7-011.web.dircon.net /channels but6.gif
98.12.09 12:43 B d:\stickypro\channels\but7.gif --> www7-011.web.dircon.net /channels but7.gif
98.12.09 12:43 B d:\stickypro\channels\but8.gif --> www7-011.web.dircon.net /channels but8.gif
98.12.09 12:43 B d:\stickypro\channels\but9.gif --> www7-011.web.dircon.net /channels but9.gif
98.12.09 12:43 B d:\stickypro\channels\stickybut.cdf --> www7-011.web.dircon.net /channels stickybut.cdf
98.12.09 12:43 B d:\stickypro\channels\stickybut.htm --> www7-011.web.dircon.net /channels stickybut.htm
98.12.09 12:43 B d:\stickypro\channels\stickybut.mcs --> www7-011.web.dircon.net /channels stickybut.mcs
98.12.09 12:43 B d:\stickypro\channels\wcelogo.gif --> www7-011.web.dircon.net /channels wcelogo.gif
98.12.09 12:45 B d:\stickypro\channels\stickybut.cdf --> www7-011.web.dircon.net /channels stickybut.cdf
98.12.09 12:46 B d:\stickypro\channels\stickybut.cdf --> www7-011.web.dircon.net /channels stickybut.cdf
98.12.23 11:37 B d:\stickypro\channels\pm-santa.gif --> www7-011.web.dircon.net /channels pm-santa.gif
98.12.30 10:49 B d:\stickypro\channels\bigtime.mcs --> www7-011.web.dircon.net /channels bigtime.mcs
98.12.30 10:49 B d:\stickypro\channels\bigtime.htm --> www7-011.web.dircon.net /channels bigtime.htm
99.01.07 15:11 B d:\stickypro\channels\chanfaq.htm --> www7-011.web.dircon.net /channels chanfaq.htm
99.01.07 15:11 B d:\stickypro\channels\count.gif --> www7-011.web.dircon.net /channels count.gif
99.01.07 15:11 B d:\stickypro\channels\count.htm --> www7-011.web.dircon.net /channels count.htm
99.01.07 15:11 B d:\stickypro\channels\countdown.cdf --> www7-011.web.dircon.net /channels countdown.cdf
99.01.07 15:11 B d:\stickypro\channels\countdown.mcs --> www7-011.web.dircon.net /channels countdown.mcs
99.01.07 15:11 B d:\stickypro\channels\mobile.htm --> www7-011.web.dircon.net /channels mobile.htm
99.01.07 15:11 B d:\stickypro\channels\onthis.cdf --> www7-011.web.dircon.net /channels onthis.cdf
99.01.07 15:11 B d:\stickypro\channels\onthis.gif --> www7-011.web.dircon.net /channels onthis.gif
99.01.07 15:11 B d:\stickypro\channels\onthis.htm --> www7-011.web.dircon.net /channels onthis.htm
99.01.07 15:11 B d:\stickypro\channels\onthis.mcs --> www7-011.web.dircon.net /channels onthis.mcs
99.01.07 15:20 B d:\stickypro\channels\chanfaq.htm --> www7-011.web.dircon.net /channels chanfaq.htm
99.01.20 18:50 B d:\stickypro\channels\onthis.cdf --> www7-011.web.dircon.net /channels onthis.cdf
99.01.20 18:50 B d:\stickypro\channels\onthis.mcs --> www7-011.web.dircon.net /channels onthis.mcs
99.01.21 10:06 B d:\stickypro\channels\countdown.cdf --> www7-011.web.dircon.net /channels countdown.cdf
99.01.21 12:50 B d:\stickypro\channels\bigtime.cdf --> www7-011.web.dircon.net /channels bigtime.cdf
99.01.21 12:50 B d:\stickypro\channels\bigtime24.cdf --> www7-011.web.dircon.net /channels bigtime24.cdf
99.01.21 12:50 B d:\stickypro\channels\bigtimelogo.gif --> www7-011.web.dircon.net /channels bigtimelogo.gif
99.01.21 12:50 B d:\stickypro\channels\countdown.cdf --> www7-011.web.dircon.net /channels countdown.cdf
99.01.21 12:50 B d:\stickypro\channels\countdownlogo.gif --> www7-011.web.dircon.net /channels countdownlogo.gif
99.01.21 12:51 B d:\stickypro\channels\onthis.cdf --> www7-011.web.dircon.net /channels onthis.cdf
99.01.21 12:51 B d:\stickypro\channels\onthisdaylogo.gif --> www7-011.web.dircon.net /channels onthisdaylogo.gif
99.01.21 13:34 B d:\stickypro\channels\bigtime.cdf --> www7-011.web.dircon.net /channels bigtime.cdf
99.01.21 13:34 B d:\stickypro\channels\countdown.cdf --> www7-011.web.dircon.net /channels countdown.cdf
99.01.21 13:34 B d:\stickypro\channels\onthis.cdf --> www7-011.web.dircon.net /channels onthis.cdf
99.01.21 13:34 B d:\stickypro\channels\bigtime24.cdf --> www7-011.web.dircon.net /channels bigtime24.cdf
99.01.21 13:34 B d:\stickypro\channels\logo.gif --> www7-011.web.dircon.net /channels logo.gif
99.01.21 14:00 B d:\stickypro\channels\new-bigtime.cdf --> www7-011.web.dircon.net /channels new-bigtime.cdf
99.01.21 14:07 B d:\stickypro\channels\new-bigtime.cdf --> www7-011.web.dircon.net /channels new-bigtime.cdf
99.01.21 14:10 B d:\stickypro\channels\new-bigtime.cdf --> www7-011.web.dircon.net /channels new-bigtime.cdf
99.01.21 14:12 B d:\stickypro\channels\new-bigtime.cdf --> www7-011.web.dircon.net /channels new-bigtime.cdf
99.01.21 15:42 B d:\stickypro\channels\chanfaq.htm --> www7-011.web.dircon.net /channels chanfaq.htm
99.01.21 15:43 B d:\stickypro\channels\mobile.htm --> www7-011.web.dircon.net /channels mobile.htm
