98.07.24 17:05 B D:\truesticky\News\news.htm --> users.tibus.com /News news.htm
98.07.24 17:06 B D:\truesticky\News\newuni.gif --> users.tibus.com /News newuni.gif
98.07.26 21:44 B D:\TrueSticky\News\news.htm --> users.tibus.com /News news.htm
98.07.27 14:32 B D:\truesticky\News\news.htm --> users.tibus.com /News news.htm
98.08.06 12:12 B D:\truesticky\News\news.htm --> users.tibus.com /News news.htm
98.08.09 18:59 B D:\truesticky\News\news.htm --> users.tibus.com /News news.htm
98.08.09 18:59 B D:\truesticky\News\newuni2.gif --> users.tibus.com /News newuni2.gif
98.08.10 15:12 B D:\truesticky\News\news.htm --> users.tibus.com /News news.htm
98.08.12 10:21 B D:\truesticky\News\news.htm --> users.tibus.com /News news.htm
98.08.13 11:06 B D:\truesticky\News\news.htm --> users.tibus.com /News news.htm
98.08.13 13:00 B D:\truesticky\News\news.htm --> users.tibus.com /News news.htm
98.08.19 11:23 B D:\truesticky\News\news.htm --> users.tibus.com /News news.htm
98.08.19 11:24 B D:\truesticky\News\news.htm --> users.tibus.com /News news.htm
98.08.21 12:54 B D:\truesticky\News\news.htm --> users.tibus.com /News news.htm
98.08.21 13:38 B D:\truesticky\News\faq.htm --> users.tibus.com /News faq.htm
98.08.21 13:38 B D:\truesticky\News\news.htm --> users.tibus.com /News news.htm
98.08.21 17:00 B D:\truesticky\News\faq.htm --> users.tibus.com /News faq.htm
98.08.31 19:26 B D:\truesticky\News\news.htm --> users.tibus.com /News news.htm
98.08.31 19:27 B D:\truesticky\News\news.htm --> users.tibus.com /News news.htm
98.09.03 15:05 B D:\TrueSticky\News\faq.htm --> users.tibus.com /News faq.htm
98.09.03 15:05 B D:\TrueSticky\News\news.htm --> users.tibus.com /News news.htm
98.09.03 15:53 B D:\truesticky\News\faq.htm --> users.tibus.com /news faq.htm
98.09.03 15:53 B D:\truesticky\News\news.htm --> users.tibus.com /news news.htm
98.09.04 15:54 B D:\truesticky\News\faq.htm --> users.tibus.com /news faq.htm
98.09.04 15:54 B D:\truesticky\News\news.htm --> users.tibus.com /news news.htm
98.09.07 10:09 B D:\truesticky\News\news.htm --> users.tibus.com /news news.htm
98.09.11 11:24 B D:\truesticky\News\news.htm --> users.tibus.com /news news.htm
98.09.15 10:20 B D:\truesticky\News\news.htm --> users.tibus.com /news news.htm
98.09.22 21:00 B D:\truesticky\News\news.htm --> users.tibus.com /news news.htm
98.09.25 16:55 B D:\truesticky\News\news.htm --> users.tibus.com /news news.htm
98.09.30 09:54 B D:\truesticky\News\news.htm --> users.tibus.com /news news.htm
98.10.13 16:01 B D:\truesticky\News\news.htm --> users.tibus.com /news news.htm
98.10.13 19:42 B D:\truesticky\News\news.htm --> users.tibus.com /news news.htm
98.10.20 09:47 B D:\truesticky\News\news.htm --> users.tibus.com /news news.htm
98.10.22 12:08 B d:\StickyPro\news\faq.htm --> users.tibus.com /news faq.htm
98.10.22 12:08 B d:\StickyPro\news\news.htm --> users.tibus.com /news news.htm
98.10.31 18:04 B d:\stickypro\news\news.htm --> users.tibus.com /news news.htm
98.11.14 17:04 B d:\stickypro\news\news.htm --> users.tibus.com /news news.htm
98.11.19 18:03 B d:\stickypro\news\faq.htm --> www7-011.web.dircon.net /news faq.htm
98.11.19 18:03 B d:\stickypro\news\news.htm --> www7-011.web.dircon.net /news news.htm
98.11.19 18:04 B d:\stickypro\news\newuni.gif --> www7-011.web.dircon.net /news newuni.gif
98.11.19 18:04 B d:\stickypro\news\newuni2.gif --> www7-011.web.dircon.net /news newuni2.gif
98.11.19 18:04 B d:\stickypro\news\WS_FTP.LOG --> www7-011.web.dircon.net /news WS_FTP.LOG
98.11.25 11:11 B d:\stickypro\news\news.htm --> www7-011.web.dircon.net /news news.htm
98.11.28 18:22 B d:\stickypro\news\news.htm --> www7-011.web.dircon.net /news news.htm
98.12.01 13:52 B d:\stickypro\news\news.htm --> www7-011.web.dircon.net /news news.htm
98.12.01 13:54 B d:\stickypro\news\news.htm --> www7-011.web.dircon.net /news news.htm
98.12.01 13:56 B d:\stickypro\news\news.htm --> www7-011.web.dircon.net /news news.htm
98.12.01 14:20 B d:\stickypro\news\news.htm --> www7-011.web.dircon.net /news news.htm
98.12.01 14:21 B d:\stickypro\news\news.htm --> www7-011.web.dircon.net /news news.htm
98.12.01 19:08 B d:\stickypro\news\news.htm --> www7-011.web.dircon.net /news news.htm
98.12.08 14:32 B d:\stickypro\news\faq.htm --> www7-011.web.dircon.net /news faq.htm
98.12.08 14:32 B d:\stickypro\news\news.htm --> www7-011.web.dircon.net /news news.htm
98.12.08 15:10 B d:\stickypro\news\news.htm --> www7-011.web.dircon.net /news news.htm
98.12.08 15:13 B d:\stickypro\news\news.htm --> www7-011.web.dircon.net /news news.htm
98.12.30 10:50 B d:\stickypro\news\news.htm --> www7-011.web.dircon.net /news news.htm
99.01.07 15:15 B d:\stickypro\news\news.htm --> www7-011.web.dircon.net /news news.htm
99.01.21 15:43 B d:\stickypro\news\news.htm --> www7-011.web.dircon.net /news news.htm
99.01.28 10:25 B d:\stickypro\news\news.htm --> www7-011.web.dircon.net /news news.htm
99.01.28 10:38 B d:\stickypro\news\news.htm --> www7-011.web.dircon.net /news news.htm
99.01.31 13:12 B d:\stickypro\news\news.htm --> www7-011.web.dircon.net /news news.htm
99.02.09 09:23 B d:\stickypro\news\news.htm --> www7-011.web.dircon.net /news news.htm
99.02.20 15:23 B d:\stickypro\news\news.htm --> www7-011.web.dircon.net /news news.htm
99.02.26 08:48 B d:\stickypro\news\news.htm --> www7-011.web.dircon.net /news news.htm
99.03.01 10:01 B d:\stickypro\news\faq.htm --> www7-011.web.dircon.net /news faq.htm
99.03.01 10:01 B d:\stickypro\news\news.htm --> www7-011.web.dircon.net /news news.htm
99.03.06 22:35 B d:\stickypro\news\news.htm --> www7-011.web.dircon.net /news news.htm
99.04.18 19:02 B d:\stickypro\news\news.htm --> www7-011.web.dircon.net /news news.htm
99.04.19 12:40 B d:\stickypro\news\news.htm --> www7-011.web.dircon.net /news news.htm
99.04.19 14:49 B d:\stickypro\news\news.htm --> www7-011.web.dircon.net /news news.htm
99.04.20 21:12 B d:\stickypro\news\news.htm --> www7-011.web.dircon.net /news news.htm
99.04.21 16:57 B d:\stickypro\news\news.htm --> www7-011.web.dircon.net /news news.htm
99.04.22 16:37 B d:\stickypro\news\news.htm --> www7-011.web.dircon.net /news news.htm
99.04.23 16:33 B d:\stickypro\news\news.htm --> www7-011.web.dircon.net /news news.htm
99.04.23 17:00 B d:\stickypro\news\news.htm --> www7-011.web.dircon.net /news news.htm
99.05.05 10:17 B d:\stickypro\news\news.htm --> www7-011.web.dircon.net /news news.htm
