98.06.15 09:15 B D:\truesticky\Universe\universe.htm --> users.tibus.com /Universe universe.htm
98.06.18 09:01 B D:\truesticky\Universe\universe.htm --> users.tibus.com /Universe universe.htm
98.06.18 09:03 B D:\truesticky\Universe\universe.htm --> users.tibus.com /Universe universe.htm
98.06.18 09:05 B D:\truesticky\Universe\universe.htm --> users.tibus.com /Universe universe.htm
98.07.14 15:26 B D:\truesticky\Universe\universe.htm --> users.tibus.com /Universe universe.htm
98.07.22 14:40 B D:\truesticky\Universe\universe.htm --> users.tibus.com /Universe universe.htm
98.07.22 14:41 B D:\truesticky\Universe\universe.htm --> users.tibus.com /Universe universe.htm
98.07.22 14:46 B D:\truesticky\Universe\universe.htm --> users.tibus.com /Universe universe.htm
98.08.06 10:45 B D:\truesticky\Universe\universe.htm --> users.tibus.com /Universe universe.htm
98.08.06 10:45 B D:\truesticky\Universe\uni1.GIF --> users.tibus.com /Universe uni1.GIF
98.08.06 10:46 B D:\truesticky\Universe\uni2.GIF --> users.tibus.com /Universe uni2.GIF
98.08.06 10:46 B D:\truesticky\Universe\uni3.GIF --> users.tibus.com /Universe uni3.GIF
98.08.06 10:46 B D:\truesticky\Universe\uni4.GIF --> users.tibus.com /Universe uni4.GIF
98.08.06 10:51 B D:\truesticky\Universe\universe.htm --> users.tibus.com /Universe universe.htm
98.08.06 10:52 B D:\truesticky\Universe\universe.htm --> users.tibus.com / universe.htm
98.08.06 10:53 B D:\truesticky\Universe\universe.htm --> users.tibus.com /Universe universe.htm
98.08.06 13:21 B D:\truesticky\Universe\universe.htm --> users.tibus.com / universe.htm
98.08.06 13:22 B D:\truesticky\Universe\universe.htm --> users.tibus.com /Universe universe.htm
98.08.06 15:57 B D:\truesticky\Universe\universe.htm --> users.tibus.com /Universe universe.htm
98.08.06 17:41 B D:\truesticky\Universe\universe.htm --> users.tibus.com /Universe universe.htm
98.08.13 15:34 B D:\truesticky\Universe\universe.htm --> users.tibus.com /Universe universe.htm
98.08.21 12:54 B D:\truesticky\Universe\interest.htm --> users.tibus.com /Universe interest.htm
98.08.21 12:54 B D:\truesticky\Universe\universe.htm --> users.tibus.com /Universe universe.htm
98.08.21 17:24 B D:\truesticky\Universe\universe.htm --> users.tibus.com /Universe universe.htm
98.08.21 17:28 B D:\truesticky\Universe\universe.htm --> users.tibus.com /Universe universe.htm
98.09.03 15:05 B D:\TrueSticky\Universe\universe.htm --> users.tibus.com /Universe universe.htm
98.09.03 15:05 B D:\TrueSticky\Universe\universefaq.htm --> users.tibus.com /Universe universefaq.htm
98.09.30 09:55 B D:\truesticky\Universe\universe.htm --> users.tibus.com /Universe universe.htm
98.10.13 12:33 B D:\truesticky\Universe\universefaq.htm --> users.tibus.com /Universe universefaq.htm
98.10.13 12:33 B D:\truesticky\Universe\newhelp.zip --> users.tibus.com /Universe newhelp.zip
98.10.22 12:05 B d:\StickyPro\Universe\interest.htm --> users.tibus.com /Universe interest.htm
98.10.22 12:05 B d:\StickyPro\Universe\universe.htm --> users.tibus.com /Universe universe.htm
98.10.22 12:05 B d:\StickyPro\Universe\universefaq.htm --> users.tibus.com /Universe universefaq.htm
98.11.14 17:05 B d:\stickypro\Universe\universe.htm --> users.tibus.com /Universe universe.htm
98.11.14 17:05 B d:\stickypro\Universe\universefaq.htm --> users.tibus.com /Universe universefaq.htm
98.11.16 08:45 B d:\stickypro\Universe\universe.htm --> users.tibus.com /Universe universe.htm
98.11.25 09:30 B d:\stickypro\Universe\universe.htm --> www7-011.web.dircon.net /Universe universe.htm
98.11.25 10:39 B d:\stickypro\Universe\universe.htm --> www7-011.web.dircon.net /Universe universe.htm
99.01.21 15:44 B d:\stickypro\Universe\universe.htm --> www7-011.web.dircon.net /Universe universe.htm
99.01.28 13:42 B d:\stickypro\Universe\universefaq.htm --> www7-011.web.dircon.net /Universe universefaq.htm
99.01.31 13:10 B d:\stickypro\Universe\jpu1.gif --> www7-011.web.dircon.net /Universe jpu1.gif
99.01.31 13:10 B d:\stickypro\Universe\jpu2.gif --> www7-011.web.dircon.net /Universe jpu2.gif
99.01.31 13:11 B d:\stickypro\Universe\jpu3.gif --> www7-011.web.dircon.net /Universe jpu3.gif
99.01.31 13:11 B d:\stickypro\Universe\jpu4.gif --> www7-011.web.dircon.net /Universe jpu4.gif
99.02.04 15:20 B d:\stickypro\Universe\jtz1.gif --> www7-011.web.dircon.net /Universe jtz1.gif
99.02.04 15:21 B d:\stickypro\Universe\jtz2.gif --> www7-011.web.dircon.net /Universe jtz2.gif
