99.04.21 16:55 B d:\stickypro\Palm\Theme\airline.gif --> www7-011.web.dircon.net /Palm/Theme airline.gif
99.04.21 16:55 B d:\stickypro\Palm\Theme\airline.zip --> www7-011.web.dircon.net /Palm/Theme airline.zip
99.04.21 16:56 B d:\stickypro\Palm\Theme\original.zip --> www7-011.web.dircon.net /Palm/Theme original.zip
99.04.21 16:56 B d:\stickypro\Palm\Theme\stickythemes.htm --> www7-011.web.dircon.net /Palm/Theme stickythemes.htm
99.04.21 20:05 B d:\stickypro\Palm\Theme\stickythemes.htm --> www7-011.web.dircon.net /Palm/Theme stickythemes.htm
99.04.21 20:05 B d:\stickypro\Palm\Theme\col1.gif --> www7-011.web.dircon.net /Palm/Theme col1.gif
99.04.21 20:06 B d:\stickypro\Palm\Theme\chrome1.gif --> www7-011.web.dircon.net /Palm/Theme chrome1.gif
99.04.21 20:06 B d:\stickypro\Palm\Theme\chrome.zip --> www7-011.web.dircon.net /Palm/Theme chrome.zip
99.04.21 20:06 B d:\stickypro\Palm\Theme\colour.zip --> www7-011.web.dircon.net /Palm/Theme colour.zip
99.04.24 16:50 B d:\stickypro\Palm\Theme\south.gif --> www7-011.web.dircon.net /Palm/Theme south.gif
99.04.24 16:54 B d:\stickypro\Palm\Theme\stickythemes.htm --> www7-011.web.dircon.net /Palm/Theme stickythemes.htm
99.04.24 16:54 B d:\stickypro\Palm\Theme\stickythemes.htm --> www7-011.web.dircon.net /Palm/Theme stickythemes.htm
99.04.24 17:00 B d:\stickypro\Palm\Theme\stickythemes.htm --> www7-011.web.dircon.net /Palm/Theme stickythemes.htm
99.04.24 17:01 B d:\stickypro\Palm\Theme\stickythemes.htm --> www7-011.web.dircon.net /Palm/Theme stickythemes.htm
99.04.24 18:13 B d:\stickypro\Palm\Theme\stickythemes.htm --> www7-011.web.dircon.net /Palm/Theme stickythemes.htm
99.04.26 10:03 B d:\stickypro\Palm\Theme\stickythemes.htm --> www7-011.web.dircon.net /Palm/Theme stickythemes.htm
99.04.27 08:14 B d:\stickypro\Palm\Theme\south.zip --> www7-011.web.dircon.net /Palm/Theme south.zip
99.04.30 14:56 B d:\stickypro\Palm\Theme\afc.gif --> www7-011.web.dircon.net /Palm/Theme afc.gif
99.04.30 14:56 B d:\stickypro\Palm\Theme\afc.zip --> www7-011.web.dircon.net /Palm/Theme afc.zip
99.04.30 14:56 B d:\stickypro\Palm\Theme\bugs.gif --> www7-011.web.dircon.net /Palm/Theme bugs.gif
99.04.30 14:57 B d:\stickypro\Palm\Theme\bugs.zip --> www7-011.web.dircon.net /Palm/Theme bugs.zip
99.04.30 14:57 B d:\stickypro\Palm\Theme\simp1.gif --> www7-011.web.dircon.net /Palm/Theme simp1.gif
99.04.30 14:57 B d:\stickypro\Palm\Theme\simp1.zip --> www7-011.web.dircon.net /Palm/Theme simp1.zip
99.04.30 14:57 B d:\stickypro\Palm\Theme\simp2.gif --> www7-011.web.dircon.net /Palm/Theme simp2.gif
99.04.30 14:57 B d:\stickypro\Palm\Theme\simp2.zip --> www7-011.web.dircon.net /Palm/Theme simp2.zip
99.04.30 14:57 B d:\stickypro\Palm\Theme\starwars.gif --> www7-011.web.dircon.net /Palm/Theme starwars.gif
99.04.30 14:57 B d:\stickypro\Palm\Theme\starwars.zip --> www7-011.web.dircon.net /Palm/Theme starwars.zip
99.04.30 14:57 B d:\stickypro\Palm\Theme\stickythemes.htm --> www7-011.web.dircon.net /Palm/Theme stickythemes.htm
99.05.01 12:23 B d:\stickypro\Palm\Theme\stickythemes.htm --> www7-011.web.dircon.net /Palm/Theme stickythemes.htm
99.05.01 12:23 B d:\stickypro\Palm\Theme\stickythemes.htm --> www7-011.web.dircon.net /Palm/Theme stickythemes.htm
99.05.01 12:35 B d:\stickypro\Palm\Theme\stickythemes.htm --> www7-011.web.dircon.net /Palm/Theme stickythemes.htm
99.05.01 14:15 B d:\stickypro\Palm\Theme\klingon.gif --> www7-011.web.dircon.net /Palm klingon.gif
99.05.01 14:15 B d:\stickypro\Palm\Theme\klingon.zip --> www7-011.web.dircon.net /Palm klingon.zip
99.05.01 14:15 B d:\stickypro\Palm\Theme\padd.gif --> www7-011.web.dircon.net /Palm padd.gif
99.05.01 14:15 B d:\stickypro\Palm\Theme\padd.zip --> www7-011.web.dircon.net /Palm padd.zip
99.05.01 14:15 B d:\stickypro\Palm\Theme\stickythemes.htm --> www7-011.web.dircon.net /Palm stickythemes.htm
99.05.02 21:24 B d:\stickypro\Palm\Theme\stickyproblems.htm --> www7-011.web.dircon.net /Palm/Theme stickyproblems.htm
99.05.05 12:19 B d:\stickypro\Palm\Theme\hal.gif --> www7-011.web.dircon.net /Palm/Theme hal.gif
99.05.05 12:19 B d:\stickypro\Palm\Theme\hal.zip --> www7-011.web.dircon.net /Palm/Theme hal.zip
99.05.05 12:19 B d:\stickypro\Palm\Theme\stickythemes.htm --> www7-011.web.dircon.net /Palm/Theme stickythemes.htm
99.05.05 12:30 B d:\stickypro\Palm\Theme\klingon.gif --> www7-011.web.dircon.net /Palm/Theme klingon.gif
99.05.05 12:30 B d:\stickypro\Palm\Theme\klingon.zip --> www7-011.web.dircon.net /Palm/Theme klingon.zip
99.05.05 12:31 B d:\stickypro\Palm\Theme\padd.gif --> www7-011.web.dircon.net /Palm/Theme padd.gif
99.05.05 12:31 B d:\stickypro\Palm\Theme\padd.zip --> www7-011.web.dircon.net /Palm/Theme padd.zip
99.05.06 10:10 B d:\stickypro\Palm\Theme\afc.gif --> www7-011.web.dircon.net /Palm/Theme afc.gif
99.05.06 10:11 B d:\stickypro\Palm\Theme\airline.gif --> www7-011.web.dircon.net /Palm/Theme airline.gif
99.05.06 10:11 B d:\stickypro\Palm\Theme\bugs.gif --> www7-011.web.dircon.net /Palm/Theme bugs.gif
99.05.06 10:11 B d:\stickypro\Palm\Theme\chrome1.gif --> www7-011.web.dircon.net /Palm/Theme chrome1.gif
99.05.06 10:11 B d:\stickypro\Palm\Theme\col1.gif --> www7-011.web.dircon.net /Palm/Theme col1.gif
99.05.06 10:11 B d:\stickypro\Palm\Theme\hal.gif --> www7-011.web.dircon.net /Palm/Theme hal.gif
99.05.06 10:11 B d:\stickypro\Palm\Theme\klingon.gif --> www7-011.web.dircon.net /Palm/Theme klingon.gif
99.05.06 10:11 B d:\stickypro\Palm\Theme\padd.gif --> www7-011.web.dircon.net /Palm/Theme padd.gif
99.05.06 10:11 B d:\stickypro\Palm\Theme\simp1.gif --> www7-011.web.dircon.net /Palm/Theme simp1.gif
99.05.06 10:11 B d:\stickypro\Palm\Theme\simp2.gif --> www7-011.web.dircon.net /Palm/Theme simp2.gif
99.05.06 10:11 B d:\stickypro\Palm\Theme\south.gif --> www7-011.web.dircon.net /Palm/Theme south.gif
99.05.06 10:11 B d:\stickypro\Palm\Theme\starwars.gif --> www7-011.web.dircon.net /Palm/Theme starwars.gif
99.05.06 10:12 B d:\stickypro\Palm\Theme\stickythemes.htm --> www7-011.web.dircon.net /Palm/Theme stickythemes.htm
