99.01.22 12:30 B d:\stickypro\Jornada\background2.gif --> www7-011.web.dircon.net /Jornada background2.gif
99.01.22 12:30 B d:\stickypro\Jornada\index.htm --> www7-011.web.dircon.net /Jornada index.htm
99.01.22 12:30 B d:\stickypro\Jornada\jornadafaq.htm --> www7-011.web.dircon.net /Jornada jornadafaq.htm
99.01.22 12:30 B d:\stickypro\Jornada\jornadahints.htm --> www7-011.web.dircon.net /Jornada jornadahints.htm
99.01.22 12:30 B d:\stickypro\Jornada\jornadalinks.htm --> www7-011.web.dircon.net /Jornada jornadalinks.htm
99.01.22 12:30 B d:\stickypro\Jornada\jornadareviews.htm --> www7-011.web.dircon.net /Jornada jornadareviews.htm
99.01.22 12:30 B d:\stickypro\Jornada\jornadasoft.htm --> www7-011.web.dircon.net /Jornada jornadasoft.htm
99.01.22 12:30 B d:\stickypro\Jornada\jornadaspecs.htm --> www7-011.web.dircon.net /Jornada jornadaspecs.htm
99.01.22 12:30 B d:\stickypro\Jornada\littlejornada.jpg --> www7-011.web.dircon.net /Jornada littlejornada.jpg
99.01.22 12:30 B d:\stickypro\Jornada\littlelogo2.gif --> www7-011.web.dircon.net /Jornada littlelogo2.gif
99.01.22 14:00 B d:\stickypro\Jornada\jornadahints.htm --> www7-011.web.dircon.net /jornada jornadahints.htm
99.01.22 14:00 B d:\stickypro\Jornada\jornadalinks.htm --> www7-011.web.dircon.net /jornada jornadalinks.htm
99.01.22 16:24 B d:\stickypro\Jornada\index.htm --> www7-011.web.dircon.net /jornada index.htm
99.01.22 16:24 B d:\stickypro\Jornada\jornadalinks.htm --> www7-011.web.dircon.net /jornada jornadalinks.htm
99.01.22 16:24 B d:\stickypro\Jornada\jornadaspecs.htm --> www7-011.web.dircon.net /jornada jornadaspecs.htm
99.01.22 16:38 B d:\stickypro\Jornada\jornadaspecs.htm --> www7-011.web.dircon.net /jornada jornadaspecs.htm
99.01.22 16:46 B d:\stickypro\Jornada\index.htm --> www7-011.web.dircon.net /jornada index.htm
99.01.22 17:03 B d:\stickypro\Jornada\index.htm --> www7-011.web.dircon.net /jornada index.htm
99.01.22 17:03 B d:\stickypro\Jornada\jornadafaq.htm --> www7-011.web.dircon.net /jornada jornadafaq.htm
99.01.22 17:03 B d:\stickypro\Jornada\jornadahints.htm --> www7-011.web.dircon.net /jornada jornadahints.htm
99.01.22 17:03 B d:\stickypro\Jornada\jornadalinks.htm --> www7-011.web.dircon.net /jornada jornadalinks.htm
99.01.22 17:03 B d:\stickypro\Jornada\jornadareviews.htm --> www7-011.web.dircon.net /jornada jornadareviews.htm
99.01.22 17:03 B d:\stickypro\Jornada\jornadasoft.htm --> www7-011.web.dircon.net /jornada jornadasoft.htm
99.01.22 17:03 B d:\stickypro\Jornada\jornadaspecs.htm --> www7-011.web.dircon.net /jornada jornadaspecs.htm
99.01.22 19:03 B d:\stickypro\Jornada\jornadasoft.htm --> www7-011.web.dircon.net /jornada jornadasoft.htm
99.01.23 12:38 B d:\stickypro\Jornada\jornadafaq.htm --> www7-011.web.dircon.net /jornada jornadafaq.htm
99.01.23 12:38 B d:\stickypro\Jornada\jornadahints.htm --> www7-011.web.dircon.net /jornada jornadahints.htm
99.01.23 12:38 B d:\stickypro\Jornada\jornadalinks.htm --> www7-011.web.dircon.net /jornada jornadalinks.htm
99.01.23 12:45 B d:\stickypro\Jornada\jornadalinks.htm --> www7-011.web.dircon.net /jornada jornadalinks.htm
99.01.23 12:48 B d:\stickypro\Jornada\jornadasoft.htm --> www7-011.web.dircon.net /jornada jornadasoft.htm
99.01.23 16:37 B d:\stickypro\Jornada\jornadaspecs.htm --> www7-011.web.dircon.net /jornada jornadaspecs.htm
99.01.23 18:04 B d:\stickypro\Jornada\index.htm --> www7-011.web.dircon.net /jornada index.htm
99.01.23 18:04 B d:\stickypro\Jornada\jornadafaq.htm --> www7-011.web.dircon.net /jornada jornadafaq.htm
99.01.23 18:04 B d:\stickypro\Jornada\jornadaspecs.htm --> www7-011.web.dircon.net /jornada jornadaspecs.htm
99.01.23 18:04 B d:\stickypro\Jornada\jornadawelcome.htm --> www7-011.web.dircon.net /jornada jornadawelcome.htm
99.01.24 17:40 B d:\stickypro\Jornada\index.htm --> www7-011.web.dircon.net /jornada index.htm
99.01.24 17:40 B d:\stickypro\Jornada\jornadafaq.htm --> www7-011.web.dircon.net /jornada jornadafaq.htm
99.01.24 17:40 B d:\stickypro\Jornada\jornadahints.htm --> www7-011.web.dircon.net /jornada jornadahints.htm
99.01.24 20:01 B d:\stickypro\Jornada\jornadafaq.htm --> www7-011.web.dircon.net /jornada jornadafaq.htm
99.01.24 20:01 B d:\stickypro\Jornada\jornadahints.htm --> www7-011.web.dircon.net /jornada jornadahints.htm
99.01.24 20:01 B d:\stickypro\Jornada\jornadalinks.htm --> www7-011.web.dircon.net /jornada jornadalinks.htm
99.01.24 20:01 B d:\stickypro\Jornada\jornadareviews.htm --> www7-011.web.dircon.net /jornada jornadareviews.htm
99.01.24 20:01 B d:\stickypro\Jornada\jornadasoft.htm --> www7-011.web.dircon.net /jornada jornadasoft.htm
99.01.25 11:26 B d:\stickypro\Jornada\jornadahints.htm --> www7-011.web.dircon.net /jornada jornadahints.htm
99.01.25 14:16 B d:\stickypro\Jornada\jornadafaq.htm --> www7-011.web.dircon.net /jornada jornadafaq.htm
99.01.26 09:20 B d:\stickypro\Jornada\jornadasoft.htm --> www7-011.web.dircon.net /jornada jornadasoft.htm
99.01.26 16:24 B d:\stickypro\Jornada\index.htm --> www7-011.web.dircon.net /jornada index.htm
99.01.26 16:24 B d:\stickypro\Jornada\jornadalinks.htm --> www7-011.web.dircon.net /jornada jornadalinks.htm
99.01.26 16:48 B d:\stickypro\Jornada\index.htm --> www7-011.web.dircon.net /jornada index.htm
99.01.26 16:48 B d:\stickypro\Jornada\jornadafaq.htm --> www7-011.web.dircon.net /jornada jornadafaq.htm
99.01.26 16:48 B d:\stickypro\Jornada\jornadahints.htm --> www7-011.web.dircon.net /jornada jornadahints.htm
99.01.26 16:48 B d:\stickypro\Jornada\jornadalinks.htm --> www7-011.web.dircon.net /jornada jornadalinks.htm
99.01.26 16:48 B d:\stickypro\Jornada\jornadareviews.htm --> www7-011.web.dircon.net /jornada jornadareviews.htm
99.01.26 16:48 B d:\stickypro\Jornada\jornadasoft.htm --> www7-011.web.dircon.net /jornada jornadasoft.htm
99.01.26 16:48 B d:\stickypro\Jornada\jornadaspecs.htm --> www7-011.web.dircon.net /jornada jornadaspecs.htm
99.01.26 16:48 B d:\stickypro\Jornada\jornadawelcome.htm --> www7-011.web.dircon.net /jornada jornadawelcome.htm
99.01.26 20:57 B d:\stickypro\Jornada\index.htm --> www7-011.web.dircon.net /jornada index.htm
99.01.26 20:57 B d:\stickypro\Jornada\jornadafaq.htm --> www7-011.web.dircon.net /jornada jornadafaq.htm
99.01.26 20:57 B d:\stickypro\Jornada\jornadahints.htm --> www7-011.web.dircon.net /jornada jornadahints.htm
99.01.26 20:57 B d:\stickypro\Jornada\jornadalinks.htm --> www7-011.web.dircon.net /jornada jornadalinks.htm
99.01.26 20:57 B d:\stickypro\Jornada\jornadareviews.htm --> www7-011.web.dircon.net /jornada jornadareviews.htm
99.01.26 21:19 B d:\stickypro\Jornada\jornadasoft.htm --> www7-011.web.dircon.net /jornada jornadasoft.htm
99.01.27 10:29 B d:\stickypro\Jornada\jornadafaq.htm --> www7-011.web.dircon.net /jornada jornadafaq.htm
99.01.27 10:29 B d:\stickypro\Jornada\jornadasoft.htm --> www7-011.web.dircon.net /jornada jornadasoft.htm
99.01.27 16:15 B d:\stickypro\Jornada\jornadasoft.htm --> www7-011.web.dircon.net /jornada jornadasoft.htm
99.01.28 13:42 B d:\stickypro\Jornada\jornadasoft.htm --> www7-011.web.dircon.net /jornada jornadasoft.htm
99.01.29 09:20 B d:\stickypro\Jornada\jornadasoft.htm --> www7-011.web.dircon.net /jornada jornadasoft.htm
99.01.31 13:05 B d:\stickypro\Jornada\index.htm --> www7-011.web.dircon.net /jornada index.htm
99.01.31 13:05 B d:\stickypro\Jornada\jornadafaq.htm --> www7-011.web.dircon.net /jornada jornadafaq.htm
99.01.31 13:05 B d:\stickypro\Jornada\jornadahints.htm --> www7-011.web.dircon.net /jornada jornadahints.htm
99.01.31 13:05 B d:\stickypro\Jornada\jornadalinks.htm --> www7-011.web.dircon.net /jornada jornadalinks.htm
99.01.31 13:05 B d:\stickypro\Jornada\jornadasoft.htm --> www7-011.web.dircon.net /jornada jornadasoft.htm
99.01.31 13:11 B d:\stickypro\Jornada\index.htm --> www7-011.web.dircon.net /jornada index.htm
99.01.31 18:07 B d:\stickypro\Jornada\index.htm --> www7-011.web.dircon.net /jornada index.htm
99.01.31 18:07 B d:\stickypro\Jornada\jornadafaq.htm --> www7-011.web.dircon.net /jornada jornadafaq.htm
99.01.31 18:07 B d:\stickypro\Jornada\jornadahints.htm --> www7-011.web.dircon.net /jornada jornadahints.htm
99.01.31 18:07 B d:\stickypro\Jornada\jornadalinks.htm --> www7-011.web.dircon.net /jornada jornadalinks.htm
99.01.31 18:07 B d:\stickypro\Jornada\jornadareviews.htm --> www7-011.web.dircon.net /jornada jornadareviews.htm
99.01.31 18:07 B d:\stickypro\Jornada\jornadareviews2.htm --> www7-011.web.dircon.net /jornada jornadareviews2.htm
99.01.31 18:07 B d:\stickypro\Jornada\jornadasoft.htm --> www7-011.web.dircon.net /jornada jornadasoft.htm
99.01.31 18:07 B d:\stickypro\Jornada\jornadaspecs.htm --> www7-011.web.dircon.net /jornada jornadaspecs.htm
99.01.31 18:07 B d:\stickypro\Jornada\jornadawelcome.htm --> www7-011.web.dircon.net /jornada jornadawelcome.htm
99.01.31 18:07 B d:\stickypro\Jornada\smalllogo.gif --> www7-011.web.dircon.net /jornada smalllogo.gif
99.01.31 18:07 B d:\stickypro\Jornada\smartlogo.gif --> www7-011.web.dircon.net /jornada smartlogo.gif
99.01.31 18:13 B d:\stickypro\Jornada\jornadasoft.htm --> www7-011.web.dircon.net /jornada jornadasoft.htm
99.02.01 10:17 B d:\stickypro\Jornada\jornadasoft.htm --> www7-011.web.dircon.net /jornada jornadasoft.htm
99.02.01 10:18 B d:\stickypro\Jornada\index.htm --> www7-011.web.dircon.net /jornada index.htm
99.02.01 15:31 B d:\stickypro\Jornada\jornadafaq.htm --> www7-011.web.dircon.net /jornada jornadafaq.htm
99.02.01 15:31 B d:\stickypro\Jornada\jornadalinks.htm --> www7-011.web.dircon.net /jornada jornadalinks.htm
99.02.01 15:31 B d:\stickypro\Jornada\jornadasoft.htm --> www7-011.web.dircon.net /jornada jornadasoft.htm
99.02.01 18:11 B d:\stickypro\Jornada\index.htm --> www7-011.web.dircon.net /jornada index.htm
99.02.01 22:13 B d:\stickypro\Jornada\jornadafaq.htm --> www7-011.web.dircon.net /jornada jornadafaq.htm
99.02.02 10:42 B d:\stickypro\Jornada\index.htm --> www7-011.web.dircon.net /jornada index.htm
99.02.02 10:42 B d:\stickypro\Jornada\jornadafaq.htm --> www7-011.web.dircon.net /jornada jornadafaq.htm
99.02.02 10:42 B d:\stickypro\Jornada\jornadalinks.htm --> www7-011.web.dircon.net /jornada jornadalinks.htm
99.02.02 13:51 B d:\stickypro\Jornada\index.htm --> www7-011.web.dircon.net /jornada index.htm
99.02.03 06:52 B d:\stickypro\Jornada\index.htm --> www7-011.web.dircon.net /jornada index.htm
99.02.04 15:22 B d:\stickypro\Jornada\index.htm --> www7-011.web.dircon.net /jornada index.htm
99.02.04 15:22 B d:\stickypro\Jornada\jornadasoft.htm --> www7-011.web.dircon.net /jornada jornadasoft.htm
99.02.04 15:47 B d:\stickypro\Jornada\jornadahints.htm --> www7-011.web.dircon.net /jornada jornadahints.htm
99.02.04 18:05 B d:\stickypro\Jornada\jorn.gif --> www7-011.web.dircon.net /jornada/images jorn.gif
99.02.04 18:05 B d:\stickypro\Jornada\index.htm --> www7-011.web.dircon.net /jornada index.htm
99.02.04 18:07 B d:\stickypro\Jornada\jorn.jpg --> www7-011.web.dircon.net /jornada/images jorn.jpg
99.02.04 18:07 B d:\stickypro\Jornada\index.htm --> www7-011.web.dircon.net /jornada index.htm
99.02.04 20:11 B d:\stickypro\Jornada\index.htm --> www7-011.web.dircon.net /jornada index.htm
99.02.04 20:11 B d:\stickypro\Jornada\jornadahints.htm --> www7-011.web.dircon.net /jornada jornadahints.htm
99.02.05 08:09 B d:\stickypro\Jornada\jornadareviews.htm --> www7-011.web.dircon.net /jornada jornadareviews.htm
99.02.08 08:36 B d:\stickypro\Jornada\index.htm --> www7-011.web.dircon.net /jornada index.htm
99.02.08 08:36 B d:\stickypro\Jornada\jornadafaq.htm --> www7-011.web.dircon.net /jornada jornadafaq.htm
99.02.08 08:36 B d:\stickypro\Jornada\jornadahints.htm --> www7-011.web.dircon.net /jornada jornadahints.htm
99.02.08 08:36 B d:\stickypro\Jornada\jornadasoft.htm --> www7-011.web.dircon.net /jornada jornadasoft.htm
99.02.08 14:39 B d:\stickypro\Jornada\jornadaback.htm --> www7-011.web.dircon.net /jornada jornadaback.htm
99.02.08 14:39 B d:\stickypro\Jornada\jornadahints.htm --> www7-011.web.dircon.net /jornada jornadahints.htm
99.02.08 14:39 B d:\stickypro\Jornada\index.htm --> www7-011.web.dircon.net /jornada index.htm
99.02.09 08:59 B d:\stickypro\Jornada\index.htm --> www7-011.web.dircon.net /jornada index.htm
99.02.09 08:59 B d:\stickypro\Jornada\jornadahints.htm --> www7-011.web.dircon.net /jornada jornadahints.htm
99.02.09 08:59 B d:\stickypro\Jornada\jornadalinks.htm --> www7-011.web.dircon.net /jornada jornadalinks.htm
99.02.09 09:22 B d:\stickypro\Jornada\jornadasoft.htm --> www7-011.web.dircon.net /jornada jornadasoft.htm
99.02.09 09:22 B d:\stickypro\Jornada\jornadawelcome.htm --> www7-011.web.dircon.net /jornada jornadawelcome.htm
99.02.09 09:23 B d:\stickypro\Jornada\index.htm --> www7-011.web.dircon.net /jornada index.htm
99.02.09 11:18 B d:\stickypro\Jornada\banner.gif --> www7-011.web.dircon.net /jornada banner.gif
99.02.09 11:18 B d:\stickypro\Jornada\index.htm --> www7-011.web.dircon.net /jornada index.htm
99.02.10 10:24 B d:\stickypro\Jornada\index.htm --> www7-011.web.dircon.net /jornada index.htm
99.02.10 10:24 B d:\stickypro\Jornada\jornadaback.htm --> www7-011.web.dircon.net /jornada jornadaback.htm
99.02.10 10:24 B d:\stickypro\Jornada\jornadafaq.htm --> www7-011.web.dircon.net /jornada jornadafaq.htm
99.02.10 10:24 B d:\stickypro\Jornada\jornadahints.htm --> www7-011.web.dircon.net /jornada jornadahints.htm
99.02.10 10:24 B d:\stickypro\Jornada\jornadalinks.htm --> www7-011.web.dircon.net /jornada jornadalinks.htm
99.02.10 10:24 B d:\stickypro\Jornada\jornadareviews.htm --> www7-011.web.dircon.net /jornada jornadareviews.htm
99.02.10 10:24 B d:\stickypro\Jornada\jornadasoft.htm --> www7-011.web.dircon.net /jornada jornadasoft.htm
99.02.10 10:24 B d:\stickypro\Jornada\jornadaspecs.htm --> www7-011.web.dircon.net /jornada jornadaspecs.htm
99.02.10 10:24 B d:\stickypro\Jornada\jornadawelcome.htm --> www7-011.web.dircon.net /jornada jornadawelcome.htm
99.02.10 10:25 B d:\stickypro\Jornada\index.htm --> www7-011.web.dircon.net /jornada index.htm
99.02.11 17:22 B d:\stickypro\Jornada\index.htm --> www7-011.web.dircon.net /jornada index.htm
99.02.11 17:23 B d:\stickypro\Jornada\jornadafaq.htm --> www7-011.web.dircon.net /jornada jornadafaq.htm
99.02.11 17:23 B d:\stickypro\Jornada\jornadahints.htm --> www7-011.web.dircon.net /jornada jornadahints.htm
99.02.11 17:23 B d:\stickypro\Jornada\jornadalinks.htm --> www7-011.web.dircon.net /jornada jornadalinks.htm
99.02.11 17:23 B d:\stickypro\Jornada\jornadasoft.htm --> www7-011.web.dircon.net /jornada jornadasoft.htm
99.02.12 12:34 B d:\stickypro\Jornada\me.gif --> www7-011.web.dircon.net /jornada/images me.gif
99.02.12 12:34 B d:\stickypro\Jornada\jornadawelcome.htm --> www7-011.web.dircon.net /jornada jornadawelcome.htm
99.02.12 19:10 B d:\stickypro\Jornada\jornadasoft.htm --> www7-011.web.dircon.net /jornada jornadasoft.htm
99.02.15 10:11 B d:\stickypro\Jornada\index.htm --> www7-011.web.dircon.net /jornada index.htm
99.02.15 10:12 B d:\stickypro\Jornada\jornadaback.htm --> www7-011.web.dircon.net /jornada jornadaback.htm
99.02.15 10:12 B d:\stickypro\Jornada\jornadahints.htm --> www7-011.web.dircon.net /jornada jornadahints.htm
99.02.15 10:12 B d:\stickypro\Jornada\jornadasoft.htm --> www7-011.web.dircon.net /jornada jornadasoft.htm
99.02.15 10:12 B d:\stickypro\Jornada\jornadawelcome.htm --> www7-011.web.dircon.net /jornada jornadawelcome.htm
99.02.15 10:13 B d:\stickypro\Jornada\index.htm --> www7-011.web.dircon.net /jornada index.htm
99.02.15 10:46 B d:\stickypro\Jornada\index.htm --> www7-011.web.dircon.net /jornada index.htm
99.02.15 10:46 B d:\stickypro\Jornada\jornadahints.htm --> www7-011.web.dircon.net /jornada jornadahints.htm
99.02.19 14:45 B d:\stickypro\Jornada\index.htm --> www7-011.web.dircon.net /jornada index.htm
99.02.19 14:45 B d:\stickypro\Jornada\jornadahints.htm --> www7-011.web.dircon.net /jornada jornadahints.htm
99.02.19 15:48 B d:\stickypro\Jornada\clio.zip --> www7-011.web.dircon.net /jornada/Backdrops clio.zip
99.02.19 15:48 B d:\stickypro\Jornada\jornadaback.htm --> www7-011.web.dircon.net /jornada jornadaback.htm
99.02.19 17:00 B d:\stickypro\Jornada\index.htm --> www7-011.web.dircon.net /jornada index.htm
99.02.19 17:00 B d:\stickypro\Jornada\jornadahints.htm --> www7-011.web.dircon.net /jornada jornadahints.htm
99.02.20 15:22 B d:\stickypro\Jornada\jornadasoft.htm --> www7-011.web.dircon.net /jornada jornadasoft.htm
99.02.20 15:23 B d:\stickypro\Jornada\jornadawelcome.htm --> www7-011.web.dircon.net /jornada jornadawelcome.htm
99.02.22 08:43 B d:\stickypro\Jornada\index.htm --> www7-011.web.dircon.net /jornada index.htm
99.02.22 08:43 B d:\stickypro\Jornada\jornadasoft.htm --> www7-011.web.dircon.net /jornada jornadasoft.htm
99.03.01 09:06 B d:\stickypro\Jornada\index.htm --> www7-011.web.dircon.net /jornada index.htm
99.03.01 09:06 B d:\stickypro\Jornada\jornadafaq.htm --> www7-011.web.dircon.net /jornada jornadafaq.htm
99.03.01 09:06 B d:\stickypro\Jornada\jornadahints.htm --> www7-011.web.dircon.net /jornada jornadahints.htm
99.03.01 09:06 B d:\stickypro\Jornada\jornadasoft.htm --> www7-011.web.dircon.net /jornada jornadasoft.htm
99.03.01 09:06 B d:\stickypro\Jornada\jornadawelcome.htm --> www7-011.web.dircon.net /jornada jornadawelcome.htm
99.03.01 20:15 B d:\stickypro\Jornada\jornadawelcome.htm --> www7-011.web.dircon.net /jornada jornadawelcome.htm
99.03.01 20:19 B d:\stickypro\Jornada\jornadawelcome.htm --> www7-011.web.dircon.net /jornada jornadawelcome.htm
99.03.01 20:21 B d:\stickypro\Jornada\jornadawelcome.htm --> www7-011.web.dircon.net /jornada jornadawelcome.htm
99.03.01 20:21 B d:\stickypro\Jornada\jornadawelcome.htm --> www7-011.web.dircon.net /jornada jornadawelcome.htm
99.03.02 22:51 B d:\stickypro\Jornada\jornadasoft.htm --> www7-011.web.dircon.net /jornada jornadasoft.htm
99.03.02 22:51 B d:\stickypro\Jornada\jornadawelcome.htm --> www7-011.web.dircon.net /jornada jornadawelcome.htm
99.03.03 08:24 B d:\stickypro\Jornada\index.htm --> www7-011.web.dircon.net /jornada index.htm
99.03.03 08:24 B d:\stickypro\Jornada\jornadalinks.htm --> www7-011.web.dircon.net /jornada jornadalinks.htm
99.03.03 08:24 B d:\stickypro\Jornada\jornadasoft.htm --> www7-011.web.dircon.net /jornada jornadasoft.htm
99.03.04 07:48 B d:\stickypro\Jornada\index.htm --> www7-011.web.dircon.net /jornada index.htm
99.03.04 07:48 B d:\stickypro\Jornada\jornadasoft.htm --> www7-011.web.dircon.net /jornada jornadasoft.htm
99.03.12 09:16 B d:\stickypro\Jornada\jornadaback.htm --> www7-011.web.dircon.net /jornada jornadaback.htm
99.03.12 09:16 B d:\stickypro\Jornada\jornadafaq.htm --> www7-011.web.dircon.net /jornada jornadafaq.htm
99.03.12 09:17 B d:\stickypro\Jornada\jornadahints.htm --> www7-011.web.dircon.net /jornada jornadahints.htm
99.03.12 09:17 B d:\stickypro\Jornada\jornadalinks.htm --> www7-011.web.dircon.net /jornada jornadalinks.htm
99.03.12 09:17 B d:\stickypro\Jornada\jornadareviews.htm --> www7-011.web.dircon.net /jornada jornadareviews.htm
99.03.12 09:17 B d:\stickypro\Jornada\jornadasoft.htm --> www7-011.web.dircon.net /jornada jornadasoft.htm
99.03.12 09:17 B d:\stickypro\Jornada\jornadaspecs.htm --> www7-011.web.dircon.net /jornada jornadaspecs.htm
99.03.12 09:17 B d:\stickypro\Jornada\jornadawelcome.htm --> www7-011.web.dircon.net /jornada jornadawelcome.htm
99.03.12 09:17 B d:\stickypro\Jornada\index.htm --> www7-011.web.dircon.net /jornada index.htm
99.03.13 16:25 B d:\stickypro\Jornada\index.htm --> www7-011.web.dircon.net /jornada index.htm
99.03.13 16:25 B d:\stickypro\Jornada\jornadaback.htm --> www7-011.web.dircon.net /jornada jornadaback.htm
99.03.13 16:26 B d:\stickypro\Jornada\jornadafaq.htm --> www7-011.web.dircon.net /jornada jornadafaq.htm
99.03.13 16:26 B d:\stickypro\Jornada\jornadahints.htm --> www7-011.web.dircon.net /jornada jornadahints.htm
99.03.13 16:26 B d:\stickypro\Jornada\jornadalinks.htm --> www7-011.web.dircon.net /jornada jornadalinks.htm
99.03.13 16:26 B d:\stickypro\Jornada\jornadareviews.htm --> www7-011.web.dircon.net /jornada jornadareviews.htm
99.03.13 16:26 B d:\stickypro\Jornada\jornadasoft.htm --> www7-011.web.dircon.net /jornada jornadasoft.htm
99.03.13 16:26 B d:\stickypro\Jornada\jornadaspecs.htm --> www7-011.web.dircon.net /jornada jornadaspecs.htm
99.03.13 16:26 B d:\stickypro\Jornada\jornadawelcome.htm --> www7-011.web.dircon.net /jornada jornadawelcome.htm
99.03.18 21:36 B d:\stickypro\Jornada\index.htm --> www7-011.web.dircon.net /jornada index.htm
99.03.18 21:36 B d:\stickypro\Jornada\jornadafaq.htm --> www7-011.web.dircon.net /jornada jornadafaq.htm
99.03.18 21:36 B d:\stickypro\Jornada\jornadahints.htm --> www7-011.web.dircon.net /jornada jornadahints.htm
99.03.18 21:36 B d:\stickypro\Jornada\jornadalinks.htm --> www7-011.web.dircon.net /jornada jornadalinks.htm
99.03.18 21:37 B d:\stickypro\Jornada\jornadasoft.htm --> www7-011.web.dircon.net /jornada jornadasoft.htm
99.03.23 12:39 B d:\stickypro\Jornada\index.htm --> www7-011.web.dircon.net /jornada index.htm
99.03.23 12:39 B d:\stickypro\Jornada\jornadaback.htm --> www7-011.web.dircon.net /jornada jornadaback.htm
99.03.23 12:39 B d:\stickypro\Jornada\jornadafaq.htm --> www7-011.web.dircon.net /jornada jornadafaq.htm
99.03.23 12:39 B d:\stickypro\Jornada\jornadahints.htm --> www7-011.web.dircon.net /jornada jornadahints.htm
99.03.23 12:39 B d:\stickypro\Jornada\jornadalinks.htm --> www7-011.web.dircon.net /jornada jornadalinks.htm
99.03.23 12:39 B d:\stickypro\Jornada\jornadanew.htm --> www7-011.web.dircon.net /jornada jornadanew.htm
99.03.23 12:39 B d:\stickypro\Jornada\jornadareviews.htm --> www7-011.web.dircon.net /jornada jornadareviews.htm
99.03.23 12:39 B d:\stickypro\Jornada\jornadasoft.htm --> www7-011.web.dircon.net /jornada jornadasoft.htm
99.04.01 09:00 B d:\stickypro\Jornada\index.htm --> www7-011.web.dircon.net /jornada index.htm
99.04.01 09:00 B d:\stickypro\Jornada\jornadaback.htm --> www7-011.web.dircon.net /jornada jornadaback.htm
99.04.01 09:00 B d:\stickypro\Jornada\jornadafaq.htm --> www7-011.web.dircon.net /jornada jornadafaq.htm
99.04.01 09:01 B d:\stickypro\Jornada\jornadahints.htm --> www7-011.web.dircon.net /jornada jornadahints.htm
99.04.01 09:01 B d:\stickypro\Jornada\jornadalinks.htm --> www7-011.web.dircon.net /jornada jornadalinks.htm
99.04.01 09:01 B d:\stickypro\Jornada\jornadanew.htm --> www7-011.web.dircon.net /jornada jornadanew.htm
99.04.01 09:01 B d:\stickypro\Jornada\jornadareviews.htm --> www7-011.web.dircon.net /jornada jornadareviews.htm
99.04.01 09:01 B d:\stickypro\Jornada\jornadasoft.htm --> www7-011.web.dircon.net /jornada jornadasoft.htm
99.04.01 09:01 B d:\stickypro\Jornada\jornadaspecs.htm --> www7-011.web.dircon.net /jornada jornadaspecs.htm
99.04.01 09:01 B d:\stickypro\Jornada\jornadawelcome.htm --> www7-011.web.dircon.net /jornada jornadawelcome.htm
99.04.08 14:55 B d:\stickypro\Jornada\jornadawelcome.htm --> www7-011.web.dircon.net /jornada jornadawelcome.htm
99.04.08 14:55 B d:\stickypro\Jornada\index.htm --> www7-011.web.dircon.net /jornada index.htm
99.04.08 14:55 B d:\stickypro\Jornada\jornadafaq.htm --> www7-011.web.dircon.net /jornada jornadafaq.htm
99.04.08 14:55 B d:\stickypro\Jornada\jornadahints.htm --> www7-011.web.dircon.net /jornada jornadahints.htm
99.04.08 14:55 B d:\stickypro\Jornada\jornadanew.htm --> www7-011.web.dircon.net /jornada jornadanew.htm
99.04.08 14:55 B d:\stickypro\Jornada\jornadasoft.htm --> www7-011.web.dircon.net /jornada jornadasoft.htm
99.04.21 15:29 B d:\stickypro\Jornada\jornadareviews.htm --> www7-011.web.dircon.net /jornada jornadareviews.htm
99.04.21 15:29 B d:\stickypro\Jornada\jornadasoft.htm --> www7-011.web.dircon.net /jornada jornadasoft.htm
99.04.21 15:29 B d:\stickypro\Jornada\jornadanew.htm --> www7-011.web.dircon.net /jornada jornadanew.htm
99.04.21 15:29 B d:\stickypro\Jornada\index.htm --> www7-011.web.dircon.net /jornada index.htm
99.04.23 10:45 B d:\stickypro\Jornada\index.htm --> www7-011.web.dircon.net /jornada index.htm
99.04.23 10:45 B d:\stickypro\Jornada\jornadanew.htm --> www7-011.web.dircon.net /jornada jornadanew.htm
99.04.23 10:45 B d:\stickypro\Jornada\jornadatop.htm --> www7-011.web.dircon.net /jornada jornadatop.htm
99.04.23 10:49 B d:\stickypro\Jornada\index.htm --> www7-011.web.dircon.net /jornada index.htm
99.04.23 10:49 B d:\stickypro\Jornada\jornadalinks.htm --> www7-011.web.dircon.net /jornada jornadalinks.htm
99.04.23 10:50 B d:\stickypro\Jornada\jornadanew.htm --> www7-011.web.dircon.net /jornada jornadanew.htm
99.04.23 16:24 B d:\stickypro\Jornada\jornadalinks.htm --> www7-011.web.dircon.net /jornada jornadalinks.htm
99.04.23 16:24 B d:\stickypro\Jornada\jornadanew.htm --> www7-011.web.dircon.net /jornada jornadanew.htm
99.04.26 09:46 B d:\stickypro\Jornada\index.htm --> www7-011.web.dircon.net /jornada index.htm
99.04.26 09:46 B d:\stickypro\Jornada\jornadalinks.htm --> www7-011.web.dircon.net /jornada jornadalinks.htm
99.04.26 09:46 B d:\stickypro\Jornada\jornadanew.htm --> www7-011.web.dircon.net /jornada jornadanew.htm
99.04.26 09:46 B d:\stickypro\Jornada\jornadareviews.htm --> www7-011.web.dircon.net /jornada jornadareviews.htm
99.04.26 09:46 B d:\stickypro\Jornada\jornadasoft.htm --> www7-011.web.dircon.net /jornada jornadasoft.htm
99.04.26 09:46 B d:\stickypro\Jornada\jornadatop.htm --> www7-011.web.dircon.net /jornada jornadatop.htm
99.05.01 11:51 B d:\stickypro\Jornada\jornadatop.htm --> www7-011.web.dircon.net /jornada jornadatop.htm
99.05.01 11:52 B d:\stickypro\Jornada\jornadatop.htm --> www7-011.web.dircon.net /jornada jornadatop.htm
99.05.04 09:53 B d:\stickypro\Jornada\index.htm --> www7-011.web.dircon.net /jornada index.htm
99.05.04 09:53 B d:\stickypro\Jornada\jornadaback.htm --> www7-011.web.dircon.net /jornada jornadaback.htm
99.05.04 09:53 B d:\stickypro\Jornada\jornadafaq.htm --> www7-011.web.dircon.net /jornada jornadafaq.htm
99.05.04 09:53 B d:\stickypro\Jornada\jornadahints.htm --> www7-011.web.dircon.net /jornada jornadahints.htm
99.05.04 09:53 B d:\stickypro\Jornada\jornadalinks.htm --> www7-011.web.dircon.net /jornada jornadalinks.htm
99.05.04 09:53 B d:\stickypro\Jornada\jornadamail.htm --> www7-011.web.dircon.net /jornada jornadamail.htm
99.05.04 09:53 B d:\stickypro\Jornada\jornadanew.htm --> www7-011.web.dircon.net /jornada jornadanew.htm
99.05.04 09:53 B d:\stickypro\Jornada\jornadareviews.htm --> www7-011.web.dircon.net /jornada jornadareviews.htm
99.05.04 09:53 B d:\stickypro\Jornada\jornadasoft.htm --> www7-011.web.dircon.net /jornada jornadasoft.htm
99.05.04 09:53 B d:\stickypro\Jornada\jornadatop.htm --> www7-011.web.dircon.net /jornada jornadatop.htm
99.05.04 09:53 B d:\stickypro\Jornada\jornadawelcome.htm --> www7-011.web.dircon.net /jornada jornadawelcome.htm
99.05.04 10:06 B d:\stickypro\Jornada\jornadanew.htm --> www7-011.web.dircon.net /jornada jornadanew.htm
99.05.04 10:07 B d:\stickypro\Jornada\jornadamail.htm --> www7-011.web.dircon.net /jornada jornadamail.htm
99.05.05 11:08 B d:\stickypro\Jornada\jornadasoft.htm --> www7-011.web.dircon.net /jornada jornadasoft.htm
