98.07.20 13:44 B D:\truesticky\Palm\life.htm --> users.tibus.com /Palm life.htm
98.07.20 13:46 B D:\truesticky\Palm\LifeSetup.exe --> users.tibus.com /Palm LifeSetup.exe
98.07.20 13:46 B D:\truesticky\Palm\plife.gif --> users.tibus.com /Palm plife.gif
98.07.20 13:46 B D:\truesticky\Palm\software.htm --> users.tibus.com /Palm software.htm
98.07.20 13:49 B D:\truesticky\Palm\software.htm --> users.tibus.com /Palm software.htm
98.07.20 13:53 B D:\truesticky\Palm\life.htm --> users.tibus.com /Palm life.htm
98.07.20 13:54 B D:\truesticky\Palm\life.htm --> users.tibus.com /Palm life.htm
98.07.20 13:55 B D:\truesticky\Palm\life.htm --> users.tibus.com /Palm life.htm
98.07.20 13:57 B D:\truesticky\Palm\software.htm --> users.tibus.com /Palm software.htm
98.07.20 13:57 B D:\truesticky\Palm\software.htm --> users.tibus.com /Palm software.htm
98.07.20 13:59 B D:\truesticky\Palm\software.htm --> users.tibus.com /Palm software.htm
98.07.20 14:03 B D:\truesticky\Palm\software.htm --> users.tibus.com /Palm software.htm
98.07.20 16:02 B d:\truesticky\Palm\software.htm --> users.tibus.com /Palm software.htm
98.07.20 16:03 B d:\truesticky\Palm\universe.gif --> users.tibus.com /Palm universe.gif
98.07.23 16:10 B D:\truesticky\Palm\software.htm --> users.tibus.com /Palm software.htm
98.07.23 16:10 B D:\truesticky\Palm\tank.gif --> users.tibus.com /Palm tank.gif
98.07.23 16:10 B D:\truesticky\Palm\uni1.gif --> users.tibus.com /Palm uni1.gif
98.07.23 16:10 B D:\truesticky\Palm\uni2.gif --> users.tibus.com /Palm uni2.gif
98.07.23 16:10 B D:\truesticky\Palm\uni3.gif --> users.tibus.com /Palm uni3.gif
98.07.27 14:35 B D:\truesticky\Palm\pudemo.exe --> users.tibus.com /Palm pudemo.exe
98.07.27 14:35 B D:\truesticky\Palm\pu.htm --> users.tibus.com /Palm pu.htm
98.07.27 14:35 B D:\truesticky\Palm\software.htm --> users.tibus.com /Palm software.htm
98.07.27 14:37 B D:\truesticky\Palm\software.htm --> users.tibus.com /Palm software.htm
98.07.27 14:37 B D:\truesticky\Palm\pu.htm --> users.tibus.com /Palm pu.htm
98.08.03 21:01 B D:\truesticky\Palm\life.htm --> users.tibus.com /Palm life.htm
98.08.06 10:45 B D:\truesticky\Palm\pu.htm --> users.tibus.com /Palm pu.htm
98.08.06 10:46 B D:\truesticky\Palm\uni0.gif --> users.tibus.com / uni0.gif
98.08.06 10:46 B D:\truesticky\Palm\uni1.gif --> users.tibus.com / uni1.gif
98.08.06 10:47 B D:\truesticky\Palm\uni0.gif --> users.tibus.com /Palm uni0.gif
98.08.06 10:47 B D:\truesticky\Palm\uni1.gif --> users.tibus.com /Palm uni1.gif
98.08.06 10:47 B D:\truesticky\Palm\uni2.gif --> users.tibus.com /Palm uni2.gif
98.08.06 10:47 B D:\truesticky\Palm\uni3.gif --> users.tibus.com /Palm uni3.gif
98.08.06 10:54 B D:\truesticky\Palm\pu.htm --> users.tibus.com /Palm pu.htm
98.08.06 10:55 B D:\truesticky\Palm\software.htm --> users.tibus.com /Palm software.htm
98.08.06 12:09 B D:\truesticky\Palm\software.htm --> users.tibus.com /Palm software.htm
98.08.06 12:09 B D:\truesticky\Palm\tankzone.htm --> users.tibus.com /Palm tankzone.htm
98.08.06 12:11 B D:\truesticky\Palm\TZPS.exe --> users.tibus.com /Palm TZPS.exe
98.08.06 12:13 B D:\truesticky\Palm\tankzone.htm --> users.tibus.com /Palm tankzone.htm
98.08.06 13:22 B D:\truesticky\Palm\software.htm --> users.tibus.com /Palm software.htm
98.08.06 13:22 B D:\truesticky\Palm\life.htm --> users.tibus.com /Palm life.htm
98.08.06 13:22 B D:\truesticky\Palm\pu.htm --> users.tibus.com /Palm pu.htm
98.08.06 13:22 B D:\truesticky\Palm\tankzone.htm --> users.tibus.com /Palm tankzone.htm
98.08.06 16:08 B D:\truesticky\Palm\software.htm --> users.tibus.com /Palm software.htm
98.08.06 16:08 B D:\truesticky\Palm\tankzone.htm --> users.tibus.com /Palm tankzone.htm
98.08.06 16:08 B D:\truesticky\Palm\pu.htm --> users.tibus.com /Palm pu.htm
98.08.06 17:36 B D:\truesticky\Palm\tank.gif --> users.tibus.com /Palm tank.gif
98.08.06 17:38 B D:\truesticky\Palm\pu.htm --> users.tibus.com /Palm pu.htm
98.08.12 10:23 B D:\truesticky\Palm\HangMan.exe --> users.tibus.com /Palm HangMan.exe
98.08.12 10:23 B D:\truesticky\Palm\hangman.gif --> users.tibus.com /Palm hangman.gif
98.08.12 10:23 B D:\truesticky\Palm\hangman.htm --> users.tibus.com /Palm hangman.htm
98.08.12 10:23 B D:\truesticky\Palm\software.htm --> users.tibus.com /Palm software.htm
98.08.13 11:06 B D:\truesticky\Palm\software.htm --> users.tibus.com /Palm software.htm
98.08.13 11:06 B D:\truesticky\Palm\tankzone.htm --> users.tibus.com /Palm tankzone.htm
98.08.13 11:08 B D:\truesticky\Palm\TZPS.exe --> users.tibus.com /Palm TZPS.exe
98.08.13 13:00 B D:\truesticky\Palm\hangman.htm --> users.tibus.com /Palm hangman.htm
98.08.13 13:02 B D:\truesticky\Palm\hangmanhpc.exe --> users.tibus.com /Palm hangmanhpc.exe
98.08.13 15:34 B D:\truesticky\Palm\pu.htm --> users.tibus.com /Palm pu.htm
98.08.18 20:58 B D:\truesticky\Palm\hangman.htm <-- Tibus /Palm hangman.htm
98.08.18 20:59 B D:\truesticky\Palm\block.gif --> users.tibus.com /Palm block.gif
98.08.18 20:59 B D:\truesticky\Palm\block.htm --> users.tibus.com /Palm block.htm
98.08.18 20:59 B D:\truesticky\Palm\block2.gif --> users.tibus.com /Palm block2.gif
98.08.18 21:01 B D:\truesticky\Palm\BlockSetup.exe --> users.tibus.com /Palm BlockSetup.exe
98.08.18 21:01 B D:\truesticky\Palm\software.htm --> users.tibus.com /Palm software.htm
98.08.19 11:23 B D:\truesticky\Palm\software.htm --> users.tibus.com /Palm software.htm
98.08.19 11:23 B D:\truesticky\Palm\what1.gif --> users.tibus.com /Palm what1.gif
98.08.19 11:23 B D:\truesticky\Palm\what2.gif --> users.tibus.com /Palm what2.gif
98.08.19 11:23 B D:\truesticky\Palm\whataret.htm --> users.tibus.com /Palm whataret.htm
98.08.19 12:37 B D:\truesticky\Palm\whataret.htm --> users.tibus.com /Palm whataret.htm
98.08.21 12:55 B D:\truesticky\Palm\pu.htm --> users.tibus.com /Palm pu.htm
98.08.21 17:00 B D:\truesticky\Palm\what3.gif --> users.tibus.com /Palm what3.gif
98.08.21 17:00 B D:\truesticky\Palm\whataret.htm --> users.tibus.com /Palm whataret.htm
98.08.21 17:02 B D:\truesticky\Palm\what1.gif --> users.tibus.com /Palm what1.gif
98.08.21 17:02 B D:\truesticky\Palm\what2.gif --> users.tibus.com /Palm what2.gif
98.08.31 19:26 B D:\truesticky\Palm\pu.htm --> users.tibus.com /Palm pu.htm
98.09.03 15:06 B D:\TrueSticky\Palm\pu.htm --> users.tibus.com /Palm pu.htm
98.09.03 15:53 B D:\truesticky\Palm\software.gif --> users.tibus.com /Palm software.gif
98.09.03 15:53 B D:\truesticky\Palm\software.htm --> users.tibus.com /Palm software.htm
98.09.04 15:53 B D:\truesticky\Palm\software.htm --> users.tibus.com /Palm software.htm
98.09.04 15:53 B D:\truesticky\Palm\whataret.htm --> users.tibus.com /Palm whataret.htm
98.09.07 10:10 B D:\truesticky\Palm\software.htm --> users.tibus.com /Palm software.htm
98.09.07 10:10 B D:\truesticky\Palm\speaking.htm --> users.tibus.com /Palm speaking.htm
98.09.07 10:13 B D:\truesticky\Palm\SpeakingClockHPC.exe --> users.tibus.com /Palm SpeakingClockHPC.exe
98.09.07 10:16 B D:\truesticky\Palm\SpeakingClockPsPC.exe --> users.tibus.com /Palm SpeakingClockPsPC.exe
98.09.07 10:37 B D:\truesticky\Palm\speaking.htm --> users.tibus.com /Palm speaking.htm
98.09.08 15:36 B D:\truesticky\Palm\speaking.htm --> users.tibus.com /Palm speaking.htm
98.09.08 22:56 B D:\truesticky\Palm\speaking.htm --> users.tibus.com /Palm speaking.htm
98.09.09 15:21 B D:\truesticky\Palm\speaking.htm --> users.tibus.com /Palm speaking.htm
98.09.09 15:25 B D:\truesticky\Palm\SpeakingHPCv2.exe --> users.tibus.com /Palm SpeakingHPCv2.exe
98.09.09 15:27 B D:\truesticky\Palm\SpeakingPsPCv2.exe --> users.tibus.com /Palm SpeakingPsPCv2.exe
98.09.10 12:00 B D:\truesticky\Palm\what4.jpg --> users.tibus.com /Palm what4.jpg
98.09.10 12:00 B D:\truesticky\Palm\whataret.htm --> users.tibus.com /Palm whataret.htm
98.09.10 12:01 B D:\truesticky\Palm\what1.gif --> users.tibus.com /Palm what1.gif
98.09.10 12:01 B D:\truesticky\Palm\what2.gif --> users.tibus.com /Palm what2.gif
98.09.10 14:48 B D:\truesticky\Palm\pu.htm --> users.tibus.com /Palm pu.htm
98.09.10 14:48 B D:\truesticky\Palm\uni0.gif --> users.tibus.com /Palm uni0.gif
98.09.10 14:48 B D:\truesticky\Palm\uni1.gif --> users.tibus.com /Palm uni1.gif
98.09.10 14:48 B D:\truesticky\Palm\uni2.gif --> users.tibus.com /Palm uni2.gif
98.09.10 14:48 B D:\truesticky\Palm\uni3.gif --> users.tibus.com /Palm uni3.gif
98.09.10 14:49 B D:\truesticky\Palm\altair1.jpg --> users.tibus.com /Palm altair1.jpg
98.09.10 15:24 B D:\truesticky\Palm\pu.htm --> users.tibus.com /Palm pu.htm
98.09.11 11:23 B D:\truesticky\Palm\pu.htm --> users.tibus.com /Palm pu.htm
98.09.14 20:22 B D:\truesticky\Palm\uni4.gif --> users.tibus.com /Palm uni4.gif
98.09.15 10:23 B D:\truesticky\Palm\whataret.htm --> users.tibus.com /Palm whataret.htm
98.09.15 10:23 B D:\truesticky\Palm\what4.jpg --> users.tibus.com /Palm what4.jpg
98.09.15 10:23 B D:\truesticky\Palm\dil.gif --> users.tibus.com /Palm dil.gif
98.09.22 21:02 B D:\truesticky\Palm\PalmPiano.exe --> users.tibus.com /Palm PalmPiano.exe
98.09.22 21:02 B D:\truesticky\Palm\piano.gif --> users.tibus.com /Palm piano.gif
98.09.22 21:02 B D:\truesticky\Palm\piano.htm --> users.tibus.com /Palm piano.htm
98.09.25 08:46 B D:\truesticky\Palm\whataret.htm --> users.tibus.com /Palm whataret.htm
98.09.25 09:49 B D:\truesticky\Palm\piano.htm --> users.tibus.com /Palm piano.htm
98.09.30 09:54 B D:\truesticky\Palm\pu.htm --> users.tibus.com /Palm pu.htm
98.10.05 21:12 B D:\truesticky\Palm\pu.htm --> users.tibus.com /Palm pu.htm
98.10.13 19:41 B D:\truesticky\Palm\Speakingv21.exe --> users.tibus.com /Palm Speakingv21.exe
98.10.13 19:42 B D:\truesticky\Palm\speaking.htm --> users.tibus.com /Palm speaking.htm
98.10.22 12:06 B d:\StickyPro\Palm\tankzone.htm --> users.tibus.com /Palm tankzone.htm
98.10.22 14:42 B d:\stickypro\Palm\whataret.htm --> users.tibus.com /Palm whataret.htm
98.10.26 20:50 B d:\stickypro\Palm\block.htm --> users.tibus.com /Palm block.htm
98.10.31 18:05 B d:\stickypro\Palm\Flipper.exe --> users.tibus.com /Palm Flipper.exe
98.10.31 18:05 B d:\stickypro\Palm\flipper.gif --> users.tibus.com /Palm flipper.gif
98.10.31 18:05 B d:\stickypro\Palm\flipper.htm --> users.tibus.com /Palm flipper.htm
98.10.31 18:05 B d:\stickypro\Palm\flipper2.gif --> users.tibus.com /Palm flipper2.gif
98.11.01 20:30 B d:\stickypro\Palm\flipper.htm --> users.tibus.com /Palm flipper.htm
98.11.02 10:06 B d:\stickypro\Palm\flipper.htm --> users.tibus.com /Palm flipper.htm
98.11.02 10:07 B d:\stickypro\Palm\flipper3.gif --> users.tibus.com /Palm flipper3.gif
98.11.03 08:54 B d:\stickypro\Palm\flipper.htm --> users.tibus.com /Palm flipper.htm
98.11.03 13:43 B d:\stickypro\Palm\flipper.htm --> users.tibus.com /Palm flipper.htm
98.11.16 08:42 B d:\stickypro\Palm\block.htm --> users.tibus.com /Palm block.htm
98.11.16 08:42 B d:\stickypro\Palm\flipper.htm --> users.tibus.com /Palm flipper.htm
98.11.16 08:42 B d:\stickypro\Palm\hangman.htm --> users.tibus.com /Palm hangman.htm
98.11.16 08:42 B d:\stickypro\Palm\life.htm --> users.tibus.com /Palm life.htm
98.11.16 08:42 B d:\stickypro\Palm\piano.htm --> users.tibus.com /Palm piano.htm
98.11.16 08:42 B d:\stickypro\Palm\pu.htm --> users.tibus.com /Palm pu.htm
98.11.16 08:42 B d:\stickypro\Palm\speaking.htm --> users.tibus.com /Palm speaking.htm
98.11.16 08:42 B d:\stickypro\Palm\tankzone.htm --> users.tibus.com /Palm tankzone.htm
98.11.19 18:05 B d:\stickypro\Palm\altair1.jpg --> www7-011.web.dircon.net /Palm altair1.jpg
98.11.19 18:06 B d:\stickypro\Palm\block.gif --> www7-011.web.dircon.net /Palm block.gif
98.11.19 18:06 B d:\stickypro\Palm\block.htm --> www7-011.web.dircon.net /Palm block.htm
98.11.19 18:06 B d:\stickypro\Palm\block2.gif --> www7-011.web.dircon.net /Palm block2.gif
98.11.19 18:08 B d:\stickypro\Palm\BlockSetup.exe --> www7-011.web.dircon.net /Palm BlockSetup.exe
98.11.19 18:09 B d:\stickypro\Palm\CEZoom2.BMP --> www7-011.web.dircon.net /Palm CEZoom2.BMP
98.11.19 18:09 B d:\stickypro\Palm\CEZoom5.BMP --> www7-011.web.dircon.net /Palm CEZoom5.BMP
98.11.25 08:54 B d:\stickypro\Palm\fliphow1.gif --> www7-011.web.dircon.net /Palm fliphow1.gif
98.11.25 08:54 B d:\stickypro\Palm\fliphow2.gif --> www7-011.web.dircon.net /Palm fliphow2.gif
98.11.25 08:54 B d:\stickypro\Palm\fliphow3.gif --> www7-011.web.dircon.net /Palm fliphow3.gif
98.11.25 08:54 B d:\stickypro\Palm\flipper.htm --> www7-011.web.dircon.net /Palm flipper.htm
98.11.25 08:54 B d:\stickypro\Palm\flipper3.gif --> www7-011.web.dircon.net /Palm flipper3.gif
98.11.25 08:54 B d:\stickypro\Palm\flipper4.gif --> www7-011.web.dircon.net /Palm flipper4.gif
98.11.25 10:36 B d:\stickypro\Palm\flipper.htm --> www7-011.web.dircon.net /Palm flipper.htm
98.11.25 10:37 B d:\stickypro\Palm\FlipperLite.exe --> www7-011.web.dircon.net /Palm FlipperLite.exe
98.11.25 10:39 B d:\stickypro\Palm\pu.htm --> www7-011.web.dircon.net /Palm pu.htm
98.11.25 10:41 B d:\stickypro\Palm\soft.jpg --> www7-011.web.dircon.net /Palm soft.jpg
98.11.25 19:26 B d:\stickypro\Palm\flipper.htm --> www7-011.web.dircon.net /Palm flipper.htm
98.11.25 19:51 B d:\stickypro\Palm\FlipperLite.exe --> www7-011.web.dircon.net /Palm FlipperLite.exe
98.11.25 19:51 B d:\stickypro\Palm\flipper.htm --> www7-011.web.dircon.net /Palm flipper.htm
98.11.25 20:07 B d:\stickypro\Palm\FlipperLite.exe --> www7-011.web.dircon.net /Palm FlipperLite.exe
98.11.25 20:07 B d:\stickypro\Palm\flipper.htm --> www7-011.web.dircon.net /Palm flipper.htm
98.11.29 18:10 B d:\stickypro\Palm\flipper.htm --> www7-011.web.dircon.net /Palm flipper.htm
98.11.29 18:12 B d:\stickypro\Palm\FlipperLite1.2.exe --> www7-011.web.dircon.net /Palm FlipperLite1.2.exe
98.12.01 14:19 B d:\stickypro\Palm\flipper.htm --> www7-011.web.dircon.net / flipper.htm
98.12.01 14:22 B d:\stickypro\Palm\flipper.htm --> www7-011.web.dircon.net /Palm flipper.htm
98.12.01 14:23 B d:\stickypro\Palm\flipper.htm --> www7-011.web.dircon.net /Palm flipper.htm
98.12.01 19:09 B d:\stickypro\Palm\flipper.htm --> www7-011.web.dircon.net /Palm flipper.htm
98.12.08 14:33 B d:\stickypro\Palm\block.htm --> www7-011.web.dircon.net /Palm block.htm
98.12.08 14:33 B d:\stickypro\Palm\hangman.htm --> www7-011.web.dircon.net /Palm hangman.htm
98.12.08 14:33 B d:\stickypro\Palm\piano.htm --> www7-011.web.dircon.net /Palm piano.htm
98.12.08 14:33 B d:\stickypro\Palm\speaking.htm --> www7-011.web.dircon.net /Palm speaking.htm
98.12.18 23:36 B d:\stickypro\Palm\flipper.htm --> www7-011.web.dircon.net /Palm flipper.htm
99.01.21 15:44 B d:\stickypro\Palm\pu.htm --> www7-011.web.dircon.net /Palm pu.htm
99.03.03 12:19 B d:\stickypro\Palm\fd1.gif --> www7-011.web.dircon.net /Palm fd1.gif
99.03.03 12:20 B d:\stickypro\Palm\fd2.gif --> www7-011.web.dircon.net /Palm fd2.gif
99.03.03 12:20 B d:\stickypro\Palm\fd3.gif --> www7-011.web.dircon.net /Palm fd3.gif
99.03.06 22:34 B d:\stickypro\Palm\TZBeta.exe --> www7-011.web.dircon.net /Palm TZBeta.exe
99.03.06 22:34 B d:\stickypro\Palm\TZPro.htm --> www7-011.web.dircon.net /Palm TZPro.htm
99.03.09 07:40 B d:\stickypro\Palm\TZPro.htm --> www7-011.web.dircon.net /Palm TZPro.htm
99.03.14 18:19 B d:\stickypro\Palm\TZPro-March.exe --> www7-011.web.dircon.net /Palm TZPro-March.exe
99.03.14 18:19 B d:\stickypro\Palm\TZPro.htm --> www7-011.web.dircon.net /Palm TZPro.htm
99.03.15 10:44 B d:\stickypro\Palm\TZPro.htm --> www7-011.web.dircon.net /Palm TZPro.htm
99.03.15 22:21 B d:\stickypro\Palm\TZPro.htm --> www7-011.web.dircon.net /Palm TZPro.htm
99.03.16 12:14 B d:\stickypro\Palm\flipper.gif --> www7-011.web.dircon.net /Palm flipper.gif
99.03.16 12:14 B d:\stickypro\Palm\flipper.htm --> www7-011.web.dircon.net /Palm flipper.htm
99.03.16 12:22 B d:\stickypro\Palm\flipper.htm --> www7-011.web.dircon.net /Palm flipper.htm
99.04.07 19:49 B d:\stickypro\Palm\flipper.htm --> www7-011.web.dircon.net /Palm flipper.htm
99.04.07 19:49 B d:\stickypro\Palm\TZPro.htm --> www7-011.web.dircon.net /Palm TZPro.htm
99.04.08 14:54 B d:\stickypro\Palm\TZPro.htm --> www7-011.web.dircon.net /Palm TZPro.htm
99.04.18 19:01 B d:\stickypro\Palm\TankZoneJornadaSetup.exe --> www7-011.web.dircon.net /Palm TankZoneJornadaSetup.exe
99.04.18 19:02 B d:\stickypro\Palm\TZPro.htm --> www7-011.web.dircon.net /Palm TZPro.htm
99.04.19 12:39 B d:\stickypro\Palm\pp.gif --> www7-011.web.dircon.net /Palm pp.gif
99.04.19 12:39 B d:\stickypro\Palm\pp.htm --> www7-011.web.dircon.net /Palm pp.htm
99.04.19 12:40 B d:\stickypro\Palm\PPSetup.exe --> www7-011.web.dircon.net /Palm PPSetup.exe
99.04.19 14:44 B d:\stickypro\Palm\block.htm --> www7-011.web.dircon.net /Palm block.htm
99.04.19 14:44 B d:\stickypro\Palm\block0.gif --> www7-011.web.dircon.net /Palm block0.gif
99.04.19 14:48 B d:\stickypro\Palm\ColorBlockSetup.exe --> www7-011.web.dircon.net /Palm ColorBlockSetup.exe
99.04.20 12:29 B d:\stickypro\Palm\sb-ins1.gif --> www7-011.web.dircon.net /Palm sb-ins1.gif
99.04.20 12:29 B d:\stickypro\Palm\sb-ins2.gif --> www7-011.web.dircon.net /Palm sb-ins2.gif
99.04.20 12:29 B d:\stickypro\Palm\sb-ins3.gif --> www7-011.web.dircon.net /Palm sb-ins3.gif
99.04.20 12:30 B d:\stickypro\Palm\sb-ins4.gif --> www7-011.web.dircon.net /Palm sb-ins4.gif
99.04.20 12:30 B d:\stickypro\Palm\sb-ins5.gif --> www7-011.web.dircon.net /Palm sb-ins5.gif
99.04.20 12:30 B d:\stickypro\Palm\sb-rem.gif --> www7-011.web.dircon.net /Palm sb-rem.gif
99.04.20 12:30 B d:\stickypro\Palm\sb-st1.gif --> www7-011.web.dircon.net /Palm sb-st1.gif
99.04.20 12:30 B d:\stickypro\Palm\sb-st2.gif --> www7-011.web.dircon.net /Palm sb-st2.gif
99.04.20 12:30 B d:\stickypro\Palm\sb-st3.gif --> www7-011.web.dircon.net /Palm sb-st3.gif
99.04.20 12:30 B d:\stickypro\Palm\sb-st4.gif --> www7-011.web.dircon.net /Palm sb-st4.gif
99.04.20 12:30 B d:\stickypro\Palm\sb.jpg --> www7-011.web.dircon.net /Palm sb.jpg
99.04.20 12:31 B d:\stickypro\Palm\sb1.gif --> www7-011.web.dircon.net /Palm sb1.gif
99.04.20 12:31 B d:\stickypro\Palm\sb2.gif --> www7-011.web.dircon.net /Palm sb2.gif
99.04.20 12:31 B d:\stickypro\Palm\sticky.htm --> www7-011.web.dircon.net /Palm sticky.htm
99.04.20 12:31 B d:\stickypro\Palm\sticky.jpg --> www7-011.web.dircon.net /Palm sticky.jpg
99.04.20 12:31 B d:\stickypro\Palm\stickyinstall.htm --> www7-011.web.dircon.net /Palm stickyinstall.htm
99.04.20 12:31 B d:\stickypro\Palm\stickyremove.htm --> www7-011.web.dircon.net /Palm stickyremove.htm
99.04.20 21:14 B d:\stickypro\Palm\sticky.htm --> www7-011.web.dircon.net /Palm sticky.htm
99.04.20 22:03 B d:\stickypro\Palm\sticky.htm --> www7-011.web.dircon.net /Palm sticky.htm
99.04.21 08:21 B d:\stickypro\Palm\pp.htm --> www7-011.web.dircon.net /Palm pp.htm
99.04.21 16:56 B d:\stickypro\Palm\sticky.htm --> www7-011.web.dircon.net /Palm sticky.htm
99.04.21 23:05 B d:\stickypro\Palm\sticky.htm --> www7-011.web.dircon.net /Palm sticky.htm
99.04.22 16:37 B d:\stickypro\Palm\pp.htm --> www7-011.web.dircon.net /Palm pp.htm
99.04.22 19:35 B d:\stickypro\Palm\sticky.htm --> www7-011.web.dircon.net /Palm sticky.htm
99.04.22 19:36 B d:\stickypro\Palm\sticky.htm --> www7-011.web.dircon.net /Palm sticky.htm
99.04.22 19:37 B d:\stickypro\Palm\sticky.htm --> www7-011.web.dircon.net /Palm sticky.htm
99.04.22 19:38 B d:\stickypro\Palm\sticky.htm --> www7-011.web.dircon.net /Palm sticky.htm
99.04.24 16:53 B d:\stickypro\Palm\sticky.htm --> www7-011.web.dircon.net /Palm sticky.htm
99.04.24 16:57 B d:\stickypro\Palm\sticky.htm --> www7-011.web.dircon.net /Palm sticky.htm
99.04.24 16:58 B d:\stickypro\Palm\sticky.htm --> www7-011.web.dircon.net /Palm sticky.htm
99.04.24 18:13 B d:\stickypro\Palm\sticky.htm --> www7-011.web.dircon.net /Palm sticky.htm
99.05.05 12:32 B d:\stickypro\Palm\sticky.htm --> www7-011.web.dircon.net /Palm sticky.htm
