98.10.22 12:04 B d:\StickyPro\buttonbar.htm --> users.tibus.com / buttonbar.htm
98.10.22 12:04 B d:\StickyPro\main.htm --> users.tibus.com / main.htm
98.10.22 12:04 B d:\StickyPro\about.htm --> users.tibus.com / about.htm
98.10.22 12:04 B d:\StickyPro\aboutindex.htm --> users.tibus.com / aboutindex.htm
98.10.22 12:04 B d:\StickyPro\buttonbar.htm --> users.tibus.com / buttonbar.htm
98.10.22 12:04 B d:\StickyPro\friends.htm --> users.tibus.com / friends.htm
98.10.22 12:04 B d:\StickyPro\friendsindex.htm --> users.tibus.com / friendsindex.htm
98.10.22 12:04 B d:\StickyPro\hpcindex.htm --> users.tibus.com / hpcindex.htm
98.10.22 12:04 B d:\StickyPro\hpcsoft.htm --> users.tibus.com / hpcsoft.htm
98.10.22 12:04 B d:\StickyPro\index.htm --> users.tibus.com / index.htm
98.10.22 12:04 B d:\StickyPro\main.htm --> users.tibus.com / main.htm
98.10.22 12:04 B d:\StickyPro\newsindex.htm --> users.tibus.com / newsindex.htm
98.10.22 12:04 B d:\StickyPro\nstall.gif --> users.tibus.com / nstall.gif
98.10.22 12:04 B d:\StickyPro\pspcindex.htm --> users.tibus.com / pspcindex.htm
98.10.22 12:04 B d:\StickyPro\pspcsoft.htm --> users.tibus.com / pspcsoft.htm
98.10.22 12:05 B d:\StickyPro\softindex.htm --> users.tibus.com / softindex.htm
98.10.22 12:05 B d:\StickyPro\support.htm --> users.tibus.com / support.htm
98.10.22 12:05 B d:\StickyPro\whichsoft.htm --> users.tibus.com / whichsoft.htm
98.10.22 12:05 B d:\StickyPro\whoindex.htm --> users.tibus.com / whoindex.htm
98.10.22 12:06 B d:\StickyPro\walk1.htm --> users.tibus.com /Walk walk1.htm
98.10.22 14:40 B d:\stickypro\index.htm --> users.tibus.com / index.htm
98.10.22 14:41 B d:\stickypro\friends.htm --> users.tibus.com / friends.htm
98.10.22 17:59 B d:\stickypro\index.htm --> users.tibus.com / index.htm
98.10.25 18:03 B d:\stickypro\hpcsoft.htm --> users.tibus.com / hpcsoft.htm
98.10.25 18:03 B d:\stickypro\pspcsoft.htm --> users.tibus.com / pspcsoft.htm
98.10.31 18:11 B d:\stickypro\pspcindex.htm --> users.tibus.com / pspcindex.htm
98.10.31 18:11 B d:\stickypro\pspcsoft.htm --> users.tibus.com / pspcsoft.htm
98.11.25 08:51 B d:\stickypro\newindex.htm --> users.tibus.com / newindex.htm
98.11.25 08:55 B d:\stickypro\newindex.html --> users.tibus.com / newindex.html
98.11.25 09:27 B d:\stickypro\newindex.html --> users.tibus.com / newindex.html
98.11.25 09:28 B d:\stickypro\newindex.htm --> users.tibus.com / newindex.htm
98.11.25 10:38 B d:\stickypro\newindex.htm --> users.tibus.com / newindex.htm
98.11.25 10:40 B d:\stickypro\whichsoft.htm --> www7-011.web.dircon.net / whichsoft.htm
98.11.25 10:41 B d:\stickypro\abouticon.gif --> www7-011.web.dircon.net /Support abouticon.gif
98.11.25 10:42 B d:\stickypro\pspcindex.htm --> www7-011.web.dircon.net / pspcindex.htm
98.11.25 10:42 B d:\stickypro\pspcsoft.htm --> www7-011.web.dircon.net / pspcsoft.htm
98.11.29 18:09 B d:\stickypro\news.htm --> www7-011.web.dircon.net /news news.htm
98.12.01 14:18 B d:\stickypro\news.htm --> www7-011.web.dircon.net /news news.htm
98.12.02 09:50 B d:\stickypro\pspcsoft.htm --> www7-011.web.dircon.net / pspcsoft.htm
98.12.07 11:11 B d:\stickypro\buttonbar.htm --> www7-011.web.dircon.net / buttonbar.htm
98.12.08 14:35 B d:\stickypro\about.htm --> www7-011.web.dircon.net / about.htm
98.12.22 18:22 B d:\stickypro\friends.htm --> www7-011.web.dircon.net / friends.htm
98.12.23 11:35 B d:\stickypro\index.htm --> www7-011.web.dircon.net / index.htm
98.12.23 11:40 B d:\stickypro\banner.gif --> www7-011.web.dircon.net /Support banner.gif
98.12.23 11:41 B d:\stickypro\friends.htm --> www7-011.web.dircon.net / friends.htm
98.12.30 10:50 B d:\stickypro\index.htm --> www7-011.web.dircon.net / index.htm
98.12.31 10:18 B d:\stickypro\friends.htm --> www7-011.web.dircon.net / friends.htm
99.01.07 15:15 B d:\stickypro\buttonbar.htm --> www7-011.web.dircon.net / buttonbar.htm
99.01.20 15:01 B d:\stickypro\access_log <-- StickyCo /logs access_log
99.01.21 12:52 B d:\stickypro\index.htm --> www7-011.web.dircon.net / index.htm
99.01.21 15:43 B d:\stickypro\friends.htm --> www7-011.web.dircon.net / friends.htm
99.01.21 15:43 B d:\stickypro\whichsoft.htm --> www7-011.web.dircon.net / whichsoft.htm
99.01.28 13:38 B d:\stickypro\jornadasoft.htm --> www7-011.web.dircon.net /jornada jornadasoft.htm
99.01.28 13:40 B d:\stickypro\buttonbar.htm --> www7-011.web.dircon.net / buttonbar.htm
99.01.28 13:41 B d:\stickypro\buttonbar.htm --> www7-011.web.dircon.net / buttonbar.htm
99.01.28 13:41 B d:\stickypro\buttonbar.htm --> www7-011.web.dircon.net / buttonbar.htm
99.01.28 13:42 B d:\stickypro\aboutindex.htm --> www7-011.web.dircon.net / aboutindex.htm
99.01.28 13:42 B d:\stickypro\friends.htm --> www7-011.web.dircon.net / friends.htm
99.01.31 13:12 B d:\stickypro\hpcproindex.htm --> www7-011.web.dircon.net / hpcproindex.htm
99.01.31 13:13 B d:\stickypro\hpcprosoft.htm --> www7-011.web.dircon.net / hpcprosoft.htm
99.01.31 13:15 B d:\stickypro\softindex.htm --> www7-011.web.dircon.net / softindex.htm
99.01.31 13:15 B d:\stickypro\whichsoft.htm --> www7-011.web.dircon.net / whichsoft.htm
99.02.02 13:50 B d:\stickypro\barney.jpg --> www7-011.web.dircon.net / barney.jpg
99.02.02 13:50 B d:\stickypro\index.htm --> www7-011.web.dircon.net / index.htm
99.02.03 06:51 B d:\stickypro\index.htm --> www7-011.web.dircon.net / index.htm
99.02.04 15:21 B d:\stickypro\index.htm --> www7-011.web.dircon.net / index.htm
99.02.04 15:21 B d:\stickypro\hpcprosoft.htm --> www7-011.web.dircon.net / hpcprosoft.htm
99.02.05 10:29 B d:\stickypro\hpcindex.htm --> www7-011.web.dircon.net / hpcindex.htm
99.02.05 10:29 B d:\stickypro\hpcsoft.htm --> www7-011.web.dircon.net / hpcsoft.htm
99.02.09 09:23 B d:\stickypro\hpcprosoft.htm --> www7-011.web.dircon.net / hpcprosoft.htm
99.02.09 11:19 B d:\stickypro\banner.gif --> www7-011.web.dircon.net / banner.gif
99.02.09 12:06 B d:\stickypro\index.htm --> www7-011.web.dircon.net / index.htm
99.02.09 12:07 B d:\stickypro\index.htm --> www7-011.web.dircon.net / index.htm
99.02.09 12:07 B d:\stickypro\index.htm --> www7-011.web.dircon.net / index.htm
99.02.09 12:08 B d:\stickypro\index.htm --> www7-011.web.dircon.net / index.htm
99.02.09 12:09 B d:\stickypro\index.htm --> www7-011.web.dircon.net / index.htm
99.02.09 12:10 B d:\stickypro\index.htm --> www7-011.web.dircon.net / index.htm
99.02.10 11:17 B d:\stickypro\ninobanner.gif --> www7-011.web.dircon.net / ninobanner.gif
99.02.20 15:23 B d:\stickypro\hpcprosoft.htm --> www7-011.web.dircon.net / hpcprosoft.htm
99.02.25 10:58 B d:\stickypro\hpcprosoft.htm --> www7-011.web.dircon.net / hpcprosoft.htm
99.02.25 22:02 B d:\stickypro\hpcprosoft.htm --> www7-011.web.dircon.net / hpcprosoft.htm
99.02.25 22:03 B d:\stickypro\hpcprosoft.htm --> www7-011.web.dircon.net / hpcprosoft.htm
99.02.25 22:03 B d:\stickypro\hpcprosoft.htm --> www7-011.web.dircon.net / hpcprosoft.htm
99.02.26 08:48 B d:\stickypro\mailing.htm --> www7-011.web.dircon.net / mailing.htm
99.02.26 08:48 B d:\stickypro\mailinglist.htm --> www7-011.web.dircon.net / mailinglist.htm
99.02.26 14:15 B d:\stickypro\hpcprosoft.htm --> www7-011.web.dircon.net / hpcprosoft.htm
99.03.01 10:00 B d:\stickypro\about.htm --> www7-011.web.dircon.net / about.htm
99.03.01 10:00 B d:\stickypro\aboutindex.htm --> www7-011.web.dircon.net / aboutindex.htm
99.03.01 10:00 B d:\stickypro\friends.htm --> www7-011.web.dircon.net / friends.htm
99.03.01 10:00 B d:\stickypro\friendsindex.htm --> www7-011.web.dircon.net / friendsindex.htm
99.03.01 10:00 B d:\stickypro\index.htm --> www7-011.web.dircon.net / index.htm
99.03.06 22:35 B d:\stickypro\tankzone.htm --> www7-011.web.dircon.net /Palm tankzone.htm
99.03.06 22:35 B d:\stickypro\index.htm --> www7-011.web.dircon.net / index.htm
99.03.13 16:23 B d:\stickypro\pat1.gif --> www7-011.web.dircon.net / pat1.gif
99.03.13 16:23 B d:\stickypro\pat2.gif --> www7-011.web.dircon.net / pat2.gif
99.03.13 16:23 B d:\stickypro\index.htm --> www7-011.web.dircon.net / index.htm
99.03.22 16:15 B d:\stickypro\newbanner.gif --> www7-011.web.dircon.net / newbanner.gif
99.03.29 09:29 B d:\stickypro\hpcprosoft.htm --> www7-011.web.dircon.net / hpcprosoft.htm
99.04.07 19:48 B d:\stickypro\index.htm --> www7-011.web.dircon.net / index.htm
99.04.18 19:02 B d:\stickypro\index.htm --> www7-011.web.dircon.net / index.htm
99.04.19 12:40 B d:\stickypro\index.htm --> www7-011.web.dircon.net / index.htm
99.04.19 14:48 B d:\stickypro\pspcsoft.htm --> www7-011.web.dircon.net / pspcsoft.htm
99.04.20 21:11 B d:\stickypro\index.htm --> www7-011.web.dircon.net / index.htm
99.04.20 21:11 B d:\stickypro\pspcsoft.htm --> www7-011.web.dircon.net / pspcsoft.htm
99.04.21 08:20 B d:\stickypro\news.htm --> www7-011.web.dircon.net /news news.htm
99.04.21 08:21 B d:\stickypro\pspcsoft.htm --> www7-011.web.dircon.net / pspcsoft.htm
99.04.22 16:37 B d:\stickypro\pspcsoft.htm --> www7-011.web.dircon.net / pspcsoft.htm
99.04.23 17:00 B d:\stickypro\index.htm --> www7-011.web.dircon.net / index.htm
99.04.30 07:48 B d:\stickypro\index.htm --> www7-011.web.dircon.net / index.htm
99.05.01 11:45 B d:\stickypro\buttonbar.htm --> www7-011.web.dircon.net / buttonbar.htm
99.05.01 11:46 B d:\stickypro\buttonbar.htm --> www7-011.web.dircon.net / buttonbar.htm
99.05.02 21:24 B d:\stickypro\buttonbar.htm --> www7-011.web.dircon.net / buttonbar.htm
99.05.02 21:24 B d:\stickypro\support.htm --> www7-011.web.dircon.net / support.htm
99.05.05 10:17 B d:\stickypro\hpcprosoft.htm --> www7-011.web.dircon.net / hpcprosoft.htm
99.05.05 10:17 B d:\stickypro\index.htm --> www7-011.web.dircon.net / index.htm
99.05.05 10:17 B d:\stickypro\index.htm --> www7-011.web.dircon.net / index.htm
